[handleMsg]:  {
  key: {
    remoteJid: '5214271325173@s.whatsapp.net',
    fromMe: false,
    id: '3EB007221E975F860ED42D',
    participant: undefined
  },
  messageTimestamp: 1721170458,
  pushName: 'Mariana Rangel',
  broadcast: false,
  message: Message {
    conversation: 'wed',
    messageContextInfo: MessageContextInfo {
      deviceListMetadata: [DeviceListMetadata],
      deviceListMetadataVersion: 2
    }
  },
  body: 'wed',
  from: '5214271325173'
}
[QUEUE_SE_ENVIO]:  {
  ref: 'ans_380fd515-8007-44d4-ae36-178b9ad89abc',
  keyword: 'key_bb8ecc0a-98ba-42e1-a9ac-99b53e3f9e74',
  answer: '❤️ *¡Hola Viajero!* ❤️\n' +
    '\n' +
    'Soy el Chatbot de TravelMR, es un placer tenerte con nosotros. 🫶 \n' +
    '\n' +
    'Puedes ver nuestra cartelera de viajes ingresando en el siguiente enlace \n' +
    '-> https://travelmr.com.mx/view/viajes \n' +
    '\n' +
    'Si deseas ver el menú de opciones de este chatbot escribe la palabra: *MENÚ*',
  options: {
    media: null,
    buttons: [],
    capture: false,
    child: null,
    delay: 0,
    idle: null,
    ref: null,
    nested: [],
    keyword: {},
    callback: false
  },
  refSerialize: '726b31e810b61dec89126c06e8f0bb9c'
}
[handleMsg]:  {
  key: {
    remoteJid: '5214271325173@s.whatsapp.net',
    fromMe: false,
    id: '3EB0F97D9C2883C37473C7',
    participant: undefined
  },
  messageTimestamp: 1721170460,
  pushName: 'Mariana Rangel',
  broadcast: false,
  message: Message {
    conversation: 'menu',
    messageContextInfo: MessageContextInfo {
      deviceListMetadata: [DeviceListMetadata],
      deviceListMetadataVersion: 2
    }
  },
  body: 'menu',
  from: '5214271325173'
}
[QUEUE_SE_ENVIO]:  {
  ref: 'ans_78c5e757-5580-4efe-b35e-ee8968c05c06',
  keyword: 'key_3d7c904d-f8ce-48dc-b1a5-a9408dca497c',
  answer: 'Este es el menu de opciones \n' +
    '\n' +
    '1. Cotizar destino *nacional* ✈️🌎 \n' +
    '2. Cotizar destino *internacional* 🌏✈️\n' +
    '3. Cotizar otros servicios 🚎 \n' +
    '4. Cambios en mi reserva ⏱️\n' +
    '5. Estado de mi adeudo ✅\n' +
    '6. Reembolsos ⬅️\n' +
    '7. Facturación 📄\n' +
    '8. Tu Visa Americana con TravelMR 🇺🇸\n' +
    '9. Tu Visa Canadiense con TravelMR 🇨🇦\n' +
    '  10. Vuelos ✈️↔️\n' +
    ' 11. Salir\n' +
    '\n' +
    '*Por favor ingresa una opcion acorde a su número* \n' +
    '\n' +
    'Por ejemplo: *1*',
  options: {
    media: null,
    buttons: [],
    capture: true,
    child: null,
    delay: 0,
    idle: null,
    ref: null,
    nested: [],
    keyword: {},
    callback: true
  },
  refSerialize: 'aad6d478d541dbbb3c09bfd0a5a507ae'
}
[handleMsg]:  {
  key: {
    remoteJid: '5214271325173@s.whatsapp.net',
    fromMe: false,
    id: '3EB0327E9C4925A1951780',
    participant: undefined
  },
  messageTimestamp: 1721170463,
  pushName: 'Mariana Rangel',
  broadcast: false,
  message: Message {
    conversation: '8',
    messageContextInfo: MessageContextInfo {
      deviceListMetadata: [DeviceListMetadata],
      deviceListMetadataVersion: 2
    }
  },
  body: '8',
  from: '5214271325173'
}
[handleMsg]:  {
  key: {
    remoteJid: '5214271325173@s.whatsapp.net',
    fromMe: false,
    id: '3EB06085700B92BCF3D9C6',
    participant: undefined
  },
  messageTimestamp: 1721170519,
  pushName: 'Mariana Rangel',
  broadcast: false,
  message: Message {
    conversation: 'sí',
    messageContextInfo: MessageContextInfo {
      deviceListMetadata: [DeviceListMetadata],
      deviceListMetadataVersion: 2
    }
  },
  body: 'sí',
  from: '5214271325173'
}
[QUEUE_SE_ENVIO]:  {
  ref: 'ans_27278c45-73f6-447a-b19b-2c7568da936f',
  keyword: 'ans_63cc23ba-545b-4ca3-a7ed-9c3c1bf62aff',
  answer: '__capture_only_intended__',
  options: {
    media: null,
    buttons: [],
    capture: true,
    child: null,
    delay: 0,
    idle: null,
    ref: null,
    nested: [],
    keyword: {},
    callback: true
  },
  refSerialize: '536e3cab1b577e8f7bc6af6f4d18fba0'
}
[handleMsg]:  {
  key: {
    remoteJid: '5214271325173@s.whatsapp.net',
    fromMe: false,
    id: '3EB02360B2DE5BE0785486',
    participant: undefined
  },
  messageTimestamp: 1721170559,
  pushName: 'Mariana Rangel',
  broadcast: false,
  message: Message {
    imageMessage: ImageMessage {
      interactiveAnnotations: [],
      scanLengths: [],
      url: 'https://mmg.whatsapp.net/o1/v/t62.7118-24/f1/m269/up-oil-image-ed64a68a-dad0-4913-9265-a1b1c821b3d5?ccb=9-4&oh=01_Q5AaIEG5h1SZQOAyKl62WUT77fmMpjP9TUI5O_AutrA7Bf72&oe=66BE6C21&_nc_sid=000000&mms3=true',
      mimetype: 'image/jpeg',
      fileSha256: [Uint8Array],
      fileLength: [Long],
      height: 767,
      width: 1365,
      mediaKey: [Uint8Array],
      fileEncSha256: [Uint8Array],
      directPath: '/o1/v/t62.7118-24/f1/m269/up-oil-image-ed64a68a-dad0-4913-9265-a1b1c821b3d5?ccb=9-4&oh=01_Q5AaIEG5h1SZQOAyKl62WUT77fmMpjP9TUI5O_AutrA7Bf72&oe=66BE6C21&_nc_sid=000000',
      mediaKeyTimestamp: [Long],
      jpegThumbnail: [Uint8Array],
      contextInfo: [ContextInfo],
      viewOnce: false
    },
    messageContextInfo: MessageContextInfo {
      deviceListMetadata: [DeviceListMetadata],
      deviceListMetadataVersion: 2
    }
  },
  body: '_event_media__f640c948-d03b-46ef-8658-55fea90190de',
  from: '5214271325173'
}
[QUEUE_SE_ENVIO]:  {
  ref: 'ans_ceaaa950-6f3d-40b2-83ae-528ee9447670',
  keyword: 'ans_27278c45-73f6-447a-b19b-2c7568da936f',
  answer: '__capture_only_intended__',
  options: {
    media: null,
    buttons: [],
    capture: true,
    child: null,
    delay: 0,
    idle: null,
    ref: null,
    nested: [],
    keyword: {},
    callback: true
  },
  refSerialize: 'cbe01bfc5d1ed87a795d0657d430bccb'
}
[handleMsg]:  {
  key: {
    remoteJid: '5214271325173@s.whatsapp.net',
    fromMe: false,
    id: '3EB0B3E1FE7817B4CE38DA',
    participant: undefined
  },
  messageTimestamp: 1721170563,
  pushName: 'Mariana Rangel',
  broadcast: false,
  message: Message {
    conversation: 'ya',
    messageContextInfo: MessageContextInfo {
      deviceListMetadata: [DeviceListMetadata],
      deviceListMetadataVersion: 2
    }
  },
  body: 'ya',
  from: '5214271325173'
}
[QUEUE_SE_ENVIO]:  {
  ref: 'ans_dc16933d-9d7b-4187-a7e9-3d60ef563834',
  keyword: 'ans_ceaaa950-6f3d-40b2-83ae-528ee9447670',
  answer: '__capture_only_intended__',
  options: {
    media: null,
    buttons: [],
    capture: true,
    child: null,
    delay: 0,
    idle: null,
    ref: null,
    nested: [],
    keyword: {},
    callback: true
  },
  refSerialize: 'f19e5d0ec8fa99246885905c770c8ccc'
}
[handleMsg]:  {
  key: {
    remoteJid: '5214271325173@s.whatsapp.net',
    fromMe: false,
    id: '3EB0D59D2EC5C8899A5496',
    participant: undefined
  },
  messageTimestamp: 1721170567,
  pushName: 'Mariana Rangel',
  broadcast: false,
  message: Message {
    conversation: 'wwe',
    messageContextInfo: MessageContextInfo {
      deviceListMetadata: [DeviceListMetadata],
      deviceListMetadataVersion: 2
    }
  },
  body: 'wwe',
  from: '5214271325173'
}
[handleMsg]:  {
  key: {
    remoteJid: '5214271325173@s.whatsapp.net',
    fromMe: false,
    id: '3EB0D847082CBEDFB8F2A6',
    participant: undefined
  },
  messageTimestamp: 1721170577,
  pushName: 'Mariana Rangel',
  broadcast: false,
  message: Message {
    conversation: 'menu',
    messageContextInfo: MessageContextInfo {
      deviceListMetadata: [DeviceListMetadata],
      deviceListMetadataVersion: 2
    }
  },
  body: 'menu',
  from: '5214271325173'
}
[QUEUE_SE_ENVIO]:  {
  ref: 'ans_78c5e757-5580-4efe-b35e-ee8968c05c06',
  keyword: 'key_3d7c904d-f8ce-48dc-b1a5-a9408dca497c',
  answer: 'Este es el menu de opciones \n' +
    '\n' +
    '1. Cotizar destino *nacional* ✈️🌎 \n' +
    '2. Cotizar destino *internacional* 🌏✈️\n' +
    '3. Cotizar otros servicios 🚎 \n' +
    '4. Cambios en mi reserva ⏱️\n' +
    '5. Estado de mi adeudo ✅\n' +
    '6. Reembolsos ⬅️\n' +
    '7. Facturación 📄\n' +
    '8. Tu Visa Americana con TravelMR 🇺🇸\n' +
    '9. Tu Visa Canadiense con TravelMR 🇨🇦\n' +
    '  10. Vuelos ✈️↔️\n' +
    ' 11. Salir\n' +
    '\n' +
    '*Por favor ingresa una opcion acorde a su número* \n' +
    '\n' +
    'Por ejemplo: *1*',
  options: {
    media: null,
    buttons: [],
    capture: true,
    child: null,
    delay: 0,
    idle: null,
    ref: null,
    nested: [],
    keyword: {},
    callback: true
  },
  refSerialize: 'aad6d478d541dbbb3c09bfd0a5a507ae'
}
[handleMsg]:  {
  key: {
    remoteJid: '5214271325173@s.whatsapp.net',
    fromMe: false,
    id: '3EB0ADF35390F08781A49D',
    participant: undefined
  },
  messageTimestamp: 1721170581,
  pushName: 'Mariana Rangel',
  broadcast: false,
  message: Message {
    conversation: '9',
    messageContextInfo: MessageContextInfo {
      deviceListMetadata: [DeviceListMetadata],
      deviceListMetadataVersion: 2
    }
  },
  body: '9',
  from: '5214271325173'
}
[handleMsg]:  {
  key: {
    remoteJid: '5214271325173@s.whatsapp.net',
    fromMe: false,
    id: '3EB07D5772418610E9C65D',
    participant: undefined
  },
  messageTimestamp: 1721170640,
  pushName: 'Mariana Rangel',
  broadcast: false,
  message: Message {
    conversation: 'si',
    messageContextInfo: MessageContextInfo {
      deviceListMetadata: [DeviceListMetadata],
      deviceListMetadataVersion: 2
    }
  },
  body: 'si',
  from: '5214271325173'
}
[QUEUE_SE_ENVIO]:  {
  ref: 'ans_e37f411d-fa1e-43b5-958c-2c6e2cd36293',
  keyword: 'ans_a0613999-2fbb-4a48-b9c8-b9de4383b520',
  answer: '__capture_only_intended__',
  options: {
    media: null,
    buttons: [],
    capture: true,
    child: null,
    delay: 0,
    idle: null,
    ref: null,
    nested: [],
    keyword: {},
    callback: true
  },
  refSerialize: '3774e6276e57a1f8e0a7a0b38d2060e5'
}
[handleMsg]:  {
  key: {
    remoteJid: '5214271325173@s.whatsapp.net',
    fromMe: false,
    id: '3EB0413EAE84274D4A05C9',
    participant: undefined
  },
  messageTimestamp: 1721170649,
  pushName: 'Mariana Rangel',
  broadcast: false,
  message: Message {
    conversation: 'wdwdw',
    messageContextInfo: MessageContextInfo {
      deviceListMetadata: [DeviceListMetadata],
      deviceListMetadataVersion: 2
    }
  },
  body: 'wdwdw',
  from: '5214271325173'
}
[QUEUE_SE_ENVIO]:  {
  ref: 'ans_a0e9919d-49fc-4216-8d6b-5e6606de3eb6',
  keyword: 'ans_e37f411d-fa1e-43b5-958c-2c6e2cd36293',
  answer: '__capture_only_intended__',
  options: {
    media: null,
    buttons: [],
    capture: true,
    child: null,
    delay: 0,
    idle: null,
    ref: null,
    nested: [],
    keyword: {},
    callback: true
  },
  refSerialize: '619956b1014d8871f09aca9e32155e3f'
}
[handleMsg]:  {
  key: {
    remoteJid: '5214271325173@s.whatsapp.net',
    fromMe: false,
    id: '3EB0DFD2DEC8B87C012802',
    participant: undefined
  },
  messageTimestamp: 1721170681,
  pushName: 'Mariana Rangel',
  broadcast: false,
  message: Message {
    conversation: 'wq',
    messageContextInfo: MessageContextInfo {
      deviceListMetadata: [DeviceListMetadata],
      deviceListMetadataVersion: 2
    }
  },
  body: 'wq',
  from: '5214271325173'
}
[QUEUE_SE_ENVIO]:  {
  ref: 'ans_809e9c9d-361e-4d8b-9282-c070876d0157',
  keyword: 'ans_a0e9919d-49fc-4216-8d6b-5e6606de3eb6',
  answer: '__capture_only_intended__',
  options: {
    media: null,
    buttons: [],
    capture: true,
    child: null,
    delay: 0,
    idle: null,
    ref: null,
    nested: [],
    keyword: {},
    callback: true
  },
  refSerialize: '31cf155d1744f0dc00961e6832933434'
}
[handleMsg]:  {
  key: {
    remoteJid: '5214271325173@s.whatsapp.net',
    fromMe: false,
    id: '3EB0756D7CC9746ADBDB3E',
    participant: undefined
  },
  messageTimestamp: 1721170683,
  pushName: 'Mariana Rangel',
  broadcast: false,
  message: Message {
    conversation: 'wsswq',
    messageContextInfo: MessageContextInfo {
      deviceListMetadata: [DeviceListMetadata],
      deviceListMetadataVersion: 2
    }
  },
  body: 'wsswq',
  from: '5214271325173'
}
[handleMsg]:  {
  key: {
    remoteJid: '5214271325173@s.whatsapp.net',
    fromMe: false,
    id: '3EB038B2FD4FC262DE0B19',
    participant: undefined
  },
  messageTimestamp: 1721170691,
  pushName: 'Mariana Rangel',
  broadcast: false,
  message: Message {
    conversation: 'menu',
    messageContextInfo: MessageContextInfo {
      deviceListMetadata: [DeviceListMetadata],
      deviceListMetadataVersion: 2
    }
  },
  body: 'menu',
  from: '5214271325173'
}
[QUEUE_SE_ENVIO]:  {
  ref: 'ans_78c5e757-5580-4efe-b35e-ee8968c05c06',
  keyword: 'key_3d7c904d-f8ce-48dc-b1a5-a9408dca497c',
  answer: 'Este es el menu de opciones \n' +
    '\n' +
    '1. Cotizar destino *nacional* ✈️🌎 \n' +
    '2. Cotizar destino *internacional* 🌏✈️\n' +
    '3. Cotizar otros servicios 🚎 \n' +
    '4. Cambios en mi reserva ⏱️\n' +
    '5. Estado de mi adeudo ✅\n' +
    '6. Reembolsos ⬅️\n' +
    '7. Facturación 📄\n' +
    '8. Tu Visa Americana con TravelMR 🇺🇸\n' +
    '9. Tu Visa Canadiense con TravelMR 🇨🇦\n' +
    '  10. Vuelos ✈️↔️\n' +
    ' 11. Salir\n' +
    '\n' +
    '*Por favor ingresa una opcion acorde a su número* \n' +
    '\n' +
    'Por ejemplo: *1*',
  options: {
    media: null,
    buttons: [],
    capture: true,
    child: null,
    delay: 0,
    idle: null,
    ref: null,
    nested: [],
    keyword: {},
    callback: true
  },
  refSerialize: 'aad6d478d541dbbb3c09bfd0a5a507ae'
}
[handleMsg]:  {
  key: {
    remoteJid: '5214271325173@s.whatsapp.net',
    fromMe: false,
    id: '3EB098F8518D85A4360B48',
    participant: undefined
  },
  messageTimestamp: 1721170704,
  pushName: 'Mariana Rangel',
  broadcast: false,
  message: Message {
    conversation: '3',
    messageContextInfo: MessageContextInfo {
      deviceListMetadata: [DeviceListMetadata],
      deviceListMetadataVersion: 2
    }
  },
  body: '3',
  from: '5214271325173'
}
[handleMsg]:  {
  key: {
    remoteJid: '5214271325173@s.whatsapp.net',
    fromMe: false,
    id: '3EB0DC0F1940F0088AD932',
    participant: undefined
  },
  messageTimestamp: 1721170707,
  pushName: 'Mariana Rangel',
  broadcast: false,
  message: Message {
    conversation: '1',
    messageContextInfo: MessageContextInfo {
      deviceListMetadata: [DeviceListMetadata],
      deviceListMetadataVersion: 2
    }
  },
  body: '1',
  from: '5214271325173'
}
[handleMsg]:  {
  key: {
    remoteJid: '5214271325173@s.whatsapp.net',
    fromMe: false,
    id: '3EB0CE20214AE1086A3562',
    participant: undefined
  },
  messageTimestamp: 1721170715,
  pushName: 'Mariana Rangel',
  broadcast: false,
  message: Message {
    conversation: 'Miseael Dominguez Cabrera',
    messageContextInfo: MessageContextInfo {
      deviceListMetadata: [DeviceListMetadata],
      deviceListMetadataVersion: 2
    }
  },
  body: 'Miseael Dominguez Cabrera',
  from: '5214271325173'
}
[QUEUE_SE_ENVIO]:  {
  ref: 'ans_491d4e97-c51a-4547-a316-d798725518b2',
  keyword: 'ans_cdb03780-6230-4e79-be2e-4bac999bd462',
  answer: '__capture_only_intended__',
  options: {
    media: null,
    buttons: [],
    capture: true,
    child: null,
    delay: 0,
    idle: null,
    ref: null,
    nested: [],
    keyword: {},
    callback: true
  },
  refSerialize: 'f78f6d5e287a0029ebf642f9dd2c6785'
}
[handleMsg]:  {
  key: {
    remoteJid: '5214271325173@s.whatsapp.net',
    fromMe: false,
    id: '3EB013F10123233903EA3E',
    participant: undefined
  },
  messageTimestamp: 1721170721,
  pushName: 'Mariana Rangel',
  broadcast: false,
  message: Message {
    conversation: 'Vallarta',
    messageContextInfo: MessageContextInfo {
      deviceListMetadata: [DeviceListMetadata],
      deviceListMetadataVersion: 2
    }
  },
  body: 'Vallarta',
  from: '5214271325173'
}
[QUEUE_SE_ENVIO]:  {
  ref: 'ans_75af055c-f812-4b0c-b088-2ade4bcc00f5',
  keyword: 'ans_491d4e97-c51a-4547-a316-d798725518b2',
  answer: '__capture_only_intended__',
  options: {
    media: null,
    buttons: [],
    capture: true,
    child: null,
    delay: 0,
    idle: null,
    ref: null,
    nested: [],
    keyword: {},
    callback: true
  },
  refSerialize: 'de93389716309fd527e2f54f197e6a2e'
}
[handleMsg]:  {
  key: {
    remoteJid: '5214271325173@s.whatsapp.net',
    fromMe: false,
    id: '3EB0D86090131CA661B19C',
    participant: undefined
  },
  messageTimestamp: 1721170729,
  pushName: 'Mariana Rangel',
  broadcast: false,
  message: Message {
    conversation: '12 de febrero del 2024',
    messageContextInfo: MessageContextInfo {
      deviceListMetadata: [DeviceListMetadata],
      deviceListMetadataVersion: 2
    }
  },
  body: '12 de febrero del 2024',
  from: '5214271325173'
}
[QUEUE_SE_ENVIO]:  {
  ref: 'ans_69765970-159f-488a-bb5b-bb77f76c59c5',
  keyword: 'ans_75af055c-f812-4b0c-b088-2ade4bcc00f5',
  answer: '__capture_only_intended__',
  options: {
    media: null,
    buttons: [],
    capture: true,
    child: null,
    delay: 0,
    idle: null,
    ref: null,
    nested: [],
    keyword: {},
    callback: true
  },
  refSerialize: 'c43c694e15ac16883d4413c75060c67f'
}
[handleMsg]:  {
  key: {
    remoteJid: '5214271325173@s.whatsapp.net',
    fromMe: false,
    id: '3EB028C349559C73273C55',
    participant: undefined
  },
  messageTimestamp: 1721170762,
  pushName: 'Mariana Rangel',
  broadcast: false,
  message: Message {
    conversation: 'Una vez en el destino nos moveremos al baño varias vaces pa asi que ni se me ponga al pedo o lo ejecuto de una al chile',
    messageContextInfo: MessageContextInfo {
      deviceListMetadata: [DeviceListMetadata],
      deviceListMetadataVersion: 2
    }
  },
  body: 'Una vez en el destino nos moveremos al baño varias vaces pa asi que ni se me ponga al pedo o lo ejecuto de una al chile',
  from: '5214271325173'
}
[handleMsg]:  {
  key: {
    remoteJid: '5214271325173@s.whatsapp.net',
    fromMe: false,
    id: '3EB055A2235CCD1689C185',
    participant: undefined
  },
  messageTimestamp: 1721170825,
  pushName: 'Mariana Rangel',
  broadcast: false,
  message: Message {
    conversation: 'menu',
    messageContextInfo: MessageContextInfo {
      deviceListMetadata: [DeviceListMetadata],
      deviceListMetadataVersion: 2
    }
  },
  body: 'menu',
  from: '5214271325173'
}
[QUEUE_SE_ENVIO]:  {
  ref: 'ans_78c5e757-5580-4efe-b35e-ee8968c05c06',
  keyword: 'key_3d7c904d-f8ce-48dc-b1a5-a9408dca497c',
  answer: 'Este es el menu de opciones \n' +
    '\n' +
    '1. Cotizar destino *nacional* ✈️🌎 \n' +
    '2. Cotizar destino *internacional* 🌏✈️\n' +
    '3. Cotizar otros servicios 🚎 \n' +
    '4. Cambios en mi reserva ⏱️\n' +
    '5. Estado de mi adeudo ✅\n' +
    '6. Reembolsos ⬅️\n' +
    '7. Facturación 📄\n' +
    '8. Tu Visa Americana con TravelMR 🇺🇸\n' +
    '9. Tu Visa Canadiense con TravelMR 🇨🇦\n' +
    '  10. Vuelos ✈️↔️\n' +
    ' 11. Salir\n' +
    '\n' +
    '*Por favor ingresa una opcion acorde a su número* \n' +
    '\n' +
    'Por ejemplo: *1*',
  options: {
    media: null,
    buttons: [],
    capture: true,
    child: null,
    delay: 0,
    idle: null,
    ref: null,
    nested: [],
    keyword: {},
    callback: true
  },
  refSerialize: 'aad6d478d541dbbb3c09bfd0a5a507ae'
}
[handleMsg]:  {
  key: {
    remoteJid: '5214271325173@s.whatsapp.net',
    fromMe: false,
    id: '3EB07DA0EDD84B7A306E71',
    participant: undefined
  },
  messageTimestamp: 1721170833,
  pushName: 'Mariana Rangel',
  broadcast: false,
  message: Message {
    conversation: '5',
    messageContextInfo: MessageContextInfo {
      deviceListMetadata: [DeviceListMetadata],
      deviceListMetadataVersion: 2
    }
  },
  body: '5',
  from: '5214271325173'
}
[handleMsg]:  {
  key: {
    remoteJid: '5214271325173@s.whatsapp.net',
    fromMe: false,
    id: '3EB0E1466F70523BD742B4',
    participant: undefined
  },
  messageTimestamp: 1721170839,
  pushName: 'Mariana Rangel',
  broadcast: false,
  message: Message {
    conversation: 'Eden Hazard',
    messageContextInfo: MessageContextInfo {
      deviceListMetadata: [DeviceListMetadata],
      deviceListMetadataVersion: 2
    }
  },
  body: 'Eden Hazard',
  from: '5214271325173'
}
[QUEUE_SE_ENVIO]:  {
  ref: 'ans_c34b909b-1919-41dc-8c71-11a0f529370c',
  keyword: 'ans_8746af2f-1a8f-4ba8-b662-0507a5b1bbea',
  answer: '__capture_only_intended__',
  options: {
    media: null,
    buttons: [],
    capture: true,
    child: null,
    delay: 0,
    idle: null,
    ref: null,
    nested: [],
    keyword: {},
    callback: true
  },
  refSerialize: '49dd456b70ddb9d254fdb2ab97c8f882'
}
[handleMsg]:  {
  key: {
    remoteJid: '5214271325173@s.whatsapp.net',
    fromMe: false,
    id: '3EB09A17DC0267F4A303C3',
    participant: undefined
  },
  messageTimestamp: 1721170844,
  pushName: 'Mariana Rangel',
  broadcast: false,
  message: Message {
    conversation: 'Cancun',
    messageContextInfo: MessageContextInfo {
      deviceListMetadata: [DeviceListMetadata],
      deviceListMetadataVersion: 2
    }
  },
  body: 'Cancun',
  from: '5214271325173'
}
[handleMsg]:  {
  key: {
    remoteJid: '5214271325173@s.whatsapp.net',
    fromMe: false,
    id: '3EB0425EA8EB5884A2E8C0',
    participant: undefined
  },
  messageTimestamp: 1721170860,
  pushName: 'Mariana Rangel',
  broadcast: false,
  message: Message {
    conversation: 'menu',
    messageContextInfo: MessageContextInfo {
      deviceListMetadata: [DeviceListMetadata],
      deviceListMetadataVersion: 2
    }
  },
  body: 'menu',
  from: '5214271325173'
}
[QUEUE_SE_ENVIO]:  {
  ref: 'ans_78c5e757-5580-4efe-b35e-ee8968c05c06',
  keyword: 'key_3d7c904d-f8ce-48dc-b1a5-a9408dca497c',
  answer: 'Este es el menu de opciones \n' +
    '\n' +
    '1. Cotizar destino *nacional* ✈️🌎 \n' +
    '2. Cotizar destino *internacional* 🌏✈️\n' +
    '3. Cotizar otros servicios 🚎 \n' +
    '4. Cambios en mi reserva ⏱️\n' +
    '5. Estado de mi adeudo ✅\n' +
    '6. Reembolsos ⬅️\n' +
    '7. Facturación 📄\n' +
    '8. Tu Visa Americana con TravelMR 🇺🇸\n' +
    '9. Tu Visa Canadiense con TravelMR 🇨🇦\n' +
    '  10. Vuelos ✈️↔️\n' +
    ' 11. Salir\n' +
    '\n' +
    '*Por favor ingresa una opcion acorde a su número* \n' +
    '\n' +
    'Por ejemplo: *1*',
  options: {
    media: null,
    buttons: [],
    capture: true,
    child: null,
    delay: 0,
    idle: null,
    ref: null,
    nested: [],
    keyword: {},
    callback: true
  },
  refSerialize: 'aad6d478d541dbbb3c09bfd0a5a507ae'
}
[handleMsg]:  {
  key: {
    remoteJid: '5214271325173@s.whatsapp.net',
    fromMe: false,
    id: '3EB0D479CE7CBFE5101DB8',
    participant: undefined
  },
  messageTimestamp: 1721170864,
  pushName: 'Mariana Rangel',
  broadcast: false,
  message: Message {
    conversation: '7',
    messageContextInfo: MessageContextInfo {
      deviceListMetadata: [DeviceListMetadata],
      deviceListMetadataVersion: 2
    }
  },
  body: '7',
  from: '5214271325173'
}
[handleMsg]:  {
  key: {
    remoteJid: '5214271325173@s.whatsapp.net',
    fromMe: false,
    id: '3EB0D43A07DF52F37C3BE6',
    participant: undefined
  },
  messageTimestamp: 1721170869,
  pushName: 'Mariana Rangel',
  broadcast: false,
  message: Message {
    conversation: 'teofilo',
    messageContextInfo: MessageContextInfo {
      deviceListMetadata: [DeviceListMetadata],
      deviceListMetadataVersion: 2
    }
  },
  body: 'teofilo',
  from: '5214271325173'
}
[QUEUE_SE_ENVIO]:  {
  ref: 'ans_866fe371-7b52-4a01-9817-e661cb179799',
  keyword: 'ans_1f9b69da-f6ed-4ce2-81eb-11558df6fcda',
  answer: '__capture_only_intended__',
  options: {
    media: null,
    buttons: [],
    capture: true,
    child: null,
    delay: 0,
    idle: null,
    ref: null,
    nested: [],
    keyword: {},
    callback: true
  },
  refSerialize: '4c08d16c49f1dc6212127fa48bd3eb16'
}
[handleMsg]:  {
  key: {
    remoteJid: '5214271325173@s.whatsapp.net',
    fromMe: false,
    id: '3EB0862063291361F2EE77',
    participant: undefined
  },
  messageTimestamp: 1721170877,
  pushName: 'Mariana Rangel',
  broadcast: false,
  message: Message {
    conversation: 'ya',
    messageContextInfo: MessageContextInfo {
      deviceListMetadata: [DeviceListMetadata],
      deviceListMetadataVersion: 2
    }
  },
  body: 'ya',
  from: '5214271325173'
}
[QUEUE_SE_ENVIO]:  {
  ref: 'ans_5a425f27-7efb-4971-a09b-a223c9b7d205',
  keyword: 'ans_866fe371-7b52-4a01-9817-e661cb179799',
  answer: '__capture_only_intended__',
  options: {
    media: null,
    buttons: [],
    capture: true,
    child: null,
    delay: 0,
    idle: null,
    ref: null,
    nested: [],
    keyword: {},
    callback: true
  },
  refSerialize: 'da0a87c01cdf1254d514231e7480a9ce'
}
[handleMsg]:  {
  key: {
    remoteJid: '5214271325173@s.whatsapp.net',
    fromMe: false,
    id: '3EB0366B4946F6EA8845A2',
    participant: undefined
  },
  messageTimestamp: 1721170889,
  pushName: 'Mariana Rangel',
  broadcast: false,
  message: Message {
    conversation: '.pdf',
    messageContextInfo: MessageContextInfo {
      deviceListMetadata: [DeviceListMetadata],
      deviceListMetadataVersion: 2
    }
  },
  body: '.pdf',
  from: '5214271325173'
}
[handleMsg]:  {
  key: {
    remoteJid: '5214271325173@s.whatsapp.net',
    fromMe: false,
    id: '3EB032D4987A2859AC89DE',
    participant: undefined
  },
  messageTimestamp: 1721170898,
  pushName: 'Mariana Rangel',
  broadcast: false,
  message: Message {
    conversation: 'menu',
    messageContextInfo: MessageContextInfo {
      deviceListMetadata: [DeviceListMetadata],
      deviceListMetadataVersion: 2
    }
  },
  body: 'menu',
  from: '5214271325173'
}
[QUEUE_SE_ENVIO]:  {
  ref: 'ans_78c5e757-5580-4efe-b35e-ee8968c05c06',
  keyword: 'key_3d7c904d-f8ce-48dc-b1a5-a9408dca497c',
  answer: 'Este es el menu de opciones \n' +
    '\n' +
    '1. Cotizar destino *nacional* ✈️🌎 \n' +
    '2. Cotizar destino *internacional* 🌏✈️\n' +
    '3. Cotizar otros servicios 🚎 \n' +
    '4. Cambios en mi reserva ⏱️\n' +
    '5. Estado de mi adeudo ✅\n' +
    '6. Reembolsos ⬅️\n' +
    '7. Facturación 📄\n' +
    '8. Tu Visa Americana con TravelMR 🇺🇸\n' +
    '9. Tu Visa Canadiense con TravelMR 🇨🇦\n' +
    '  10. Vuelos ✈️↔️\n' +
    ' 11. Salir\n' +
    '\n' +
    '*Por favor ingresa una opcion acorde a su número* \n' +
    '\n' +
    'Por ejemplo: *1*',
  options: {
    media: null,
    buttons: [],
    capture: true,
    child: null,
    delay: 0,
    idle: null,
    ref: null,
    nested: [],
    keyword: {},
    callback: true
  },
  refSerialize: 'aad6d478d541dbbb3c09bfd0a5a507ae'
}
[handleMsg]:  {
  key: {
    remoteJid: '5214271325173@s.whatsapp.net',
    fromMe: false,
    id: '3EB0FDC7F347755850B3E9',
    participant: undefined
  },
  messageTimestamp: 1721170902,
  pushName: 'Mariana Rangel',
  broadcast: false,
  message: Message {
    conversation: '1',
    messageContextInfo: MessageContextInfo {
      deviceListMetadata: [DeviceListMetadata],
      deviceListMetadataVersion: 2
    }
  },
  body: '1',
  from: '5214271325173'
}
[handleMsg]:  {
  key: {
    remoteJid: '5214271325173@s.whatsapp.net',
    fromMe: false,
    id: '3EB033E69F1995924C5C90',
    participant: undefined
  },
  messageTimestamp: 1721170909,
  pushName: 'Mariana Rangel',
  broadcast: false,
  message: Message {
    conversation: 'jj macias',
    messageContextInfo: MessageContextInfo {
      deviceListMetadata: [DeviceListMetadata],
      deviceListMetadataVersion: 2
    }
  },
  body: 'jj macias',
  from: '5214271325173'
}
[QUEUE_SE_ENVIO]:  {
  ref: 'ans_b0933c5d-6b3c-4159-9dea-6ccbff08af12',
  keyword: 'ans_dabb8df6-910c-42f9-bd31-691afb4f239c',
  answer: '__capture_only_intended__',
  options: {
    media: null,
    buttons: [],
    capture: true,
    child: null,
    delay: 0,
    idle: null,
    ref: null,
    nested: [],
    keyword: {},
    callback: true
  },
  refSerialize: '8dae555f9e9de4cacbf359aeaf1fc45c'
}
[handleMsg]:  {
  key: {
    remoteJid: '5214271325173@s.whatsapp.net',
    fromMe: false,
    id: '3EB0A450394F08A738D3AA',
    participant: undefined
  },
  messageTimestamp: 1721170918,
  pushName: 'Mariana Rangel',
  broadcast: false,
  message: Message {
    conversation: 'Mazatlan',
    messageContextInfo: MessageContextInfo {
      deviceListMetadata: [DeviceListMetadata],
      deviceListMetadataVersion: 2
    }
  },
  body: 'Mazatlan',
  from: '5214271325173'
}
[QUEUE_SE_ENVIO]:  {
  ref: 'ans_1ef2b4ad-af4a-4f33-9632-7da17b66457d',
  keyword: 'ans_b0933c5d-6b3c-4159-9dea-6ccbff08af12',
  answer: '__capture_only_intended__',
  options: {
    media: null,
    buttons: [],
    capture: true,
    child: null,
    delay: 0,
    idle: null,
    ref: null,
    nested: [],
    keyword: {},
    callback: true
  },
  refSerialize: '009a0b9c9f3f9816b76b16f8f380a038'
}
[handleMsg]:  {
  key: {
    remoteJid: '5214271325173@s.whatsapp.net',
    fromMe: false,
    id: '3EB0AA6C5CA4E5A0F64DB9',
    participant: undefined
  },
  messageTimestamp: 1721170930,
  pushName: 'Mariana Rangel',
  broadcast: false,
  message: Message {
    conversation: '12 de enero al 23 de agosto',
    messageContextInfo: MessageContextInfo {
      deviceListMetadata: [DeviceListMetadata],
      deviceListMetadataVersion: 2
    }
  },
  body: '12 de enero al 23 de agosto',
  from: '5214271325173'
}
[QUEUE_SE_ENVIO]:  {
  ref: 'ans_2da56d1c-f2b9-4df2-bc73-1cc6a979eb95',
  keyword: 'ans_1ef2b4ad-af4a-4f33-9632-7da17b66457d',
  answer: '__capture_only_intended__',
  options: {
    media: null,
    buttons: [],
    capture: true,
    child: null,
    delay: 0,
    idle: null,
    ref: null,
    nested: [],
    keyword: {},
    callback: true
  },
  refSerialize: '864c125a57b92a4f5a3f5a196f01ea2b'
}
[handleMsg]:  {
  key: {
    remoteJid: '5214271325173@s.whatsapp.net',
    fromMe: false,
    id: '3EB0599DBBE990513E4441',
    participant: undefined
  },
  messageTimestamp: 1721170932,
  pushName: 'Mariana Rangel',
  broadcast: false,
  message: Message {
    conversation: '4',
    messageContextInfo: MessageContextInfo {
      deviceListMetadata: [DeviceListMetadata],
      deviceListMetadataVersion: 2
    }
  },
  body: '4',
  from: '5214271325173'
}
[QUEUE_SE_ENVIO]:  {
  ref: 'ans_815ca5f0-6190-4d9a-ace1-eb8eb6e7dbb6',
  keyword: 'ans_2da56d1c-f2b9-4df2-bc73-1cc6a979eb95',
  answer: '__capture_only_intended__',
  options: {
    media: null,
    buttons: [],
    capture: true,
    child: null,
    delay: 0,
    idle: null,
    ref: null,
    nested: [],
    keyword: {},
    callback: true
  },
  refSerialize: 'fdc7d9cb6fd297d285dbd00e63dbcb37'
}
[handleMsg]:  {
  key: {
    remoteJid: '5214271325173@s.whatsapp.net',
    fromMe: false,
    id: '3EB0257F1A3BE08B116647',
    participant: undefined
  },
  messageTimestamp: 1721170934,
  pushName: 'Mariana Rangel',
  broadcast: false,
  message: Message {
    conversation: 'no',
    messageContextInfo: MessageContextInfo {
      deviceListMetadata: [DeviceListMetadata],
      deviceListMetadataVersion: 2
    }
  },
  body: 'no',
  from: '5214271325173'
}
[QUEUE_SE_ENVIO]:  {
  ref: 'ans_2b169c64-67ca-4fac-aa90-23b9140ccf48',
  keyword: 'ans_815ca5f0-6190-4d9a-ace1-eb8eb6e7dbb6',
  answer: '__capture_only_intended__',
  options: {
    media: null,
    buttons: [],
    capture: true,
    child: null,
    delay: 0,
    idle: null,
    ref: null,
    nested: [],
    keyword: {},
    callback: true
  },
  refSerialize: '3cb4b707b5145454a9d5a64a999ef66a'
}
[handleMsg]:  {
  key: {
    remoteJid: '5214271325173@s.whatsapp.net',
    fromMe: false,
    id: '3EB0A32FECC7D941D8AA08',
    participant: undefined
  },
  messageTimestamp: 1721170967,
  pushName: 'Mariana Rangel',
  broadcast: false,
  message: Message {
    conversation: 'todo incluido',
    messageContextInfo: MessageContextInfo {
      deviceListMetadata: [DeviceListMetadata],
      deviceListMetadataVersion: 2
    }
  },
  body: 'todo incluido',
  from: '5214271325173'
}
[handleMsg]:  {
  key: {
    remoteJid: '5214271325173@s.whatsapp.net',
    fromMe: false,
    id: '3EB074FE97D0EC0BFFD364',
    participant: undefined
  },
  messageTimestamp: 1721170977,
  pushName: 'Mariana Rangel',
  broadcast: false,
  message: Message {
    conversation: 'menu',
    messageContextInfo: MessageContextInfo {
      deviceListMetadata: [DeviceListMetadata],
      deviceListMetadataVersion: 2
    }
  },
  body: 'menu',
  from: '5214271325173'
}
[QUEUE_SE_ENVIO]:  {
  ref: 'ans_78c5e757-5580-4efe-b35e-ee8968c05c06',
  keyword: 'key_3d7c904d-f8ce-48dc-b1a5-a9408dca497c',
  answer: 'Este es el menu de opciones \n' +
    '\n' +
    '1. Cotizar destino *nacional* ✈️🌎 \n' +
    '2. Cotizar destino *internacional* 🌏✈️\n' +
    '3. Cotizar otros servicios 🚎 \n' +
    '4. Cambios en mi reserva ⏱️\n' +
    '5. Estado de mi adeudo ✅\n' +
    '6. Reembolsos ⬅️\n' +
    '7. Facturación 📄\n' +
    '8. Tu Visa Americana con TravelMR 🇺🇸\n' +
    '9. Tu Visa Canadiense con TravelMR 🇨🇦\n' +
    '  10. Vuelos ✈️↔️\n' +
    ' 11. Salir\n' +
    '\n' +
    '*Por favor ingresa una opcion acorde a su número* \n' +
    '\n' +
    'Por ejemplo: *1*',
  options: {
    media: null,
    buttons: [],
    capture: true,
    child: null,
    delay: 0,
    idle: null,
    ref: null,
    nested: [],
    keyword: {},
    callback: true
  },
  refSerialize: 'aad6d478d541dbbb3c09bfd0a5a507ae'
}
[handleMsg]:  {
  key: {
    remoteJid: '5214271325173@s.whatsapp.net',
    fromMe: false,
    id: '3EB0FE63563D29F59F5A0E',
    participant: undefined
  },
  messageTimestamp: 1721170979,
  pushName: 'Mariana Rangel',
  broadcast: false,
  message: Message {
    conversation: '2',
    messageContextInfo: MessageContextInfo {
      deviceListMetadata: [DeviceListMetadata],
      deviceListMetadataVersion: 2
    }
  },
  body: '2',
  from: '5214271325173'
}
[handleMsg]:  {
  key: {
    remoteJid: '5214271325173@s.whatsapp.net',
    fromMe: false,
    id: '3EB0B6AB7048C904B8AA10',
    participant: undefined
  },
  messageTimestamp: 1721170983,
  pushName: 'Mariana Rangel',
  broadcast: false,
  message: Message {
    conversation: 'rr',
    messageContextInfo: MessageContextInfo {
      deviceListMetadata: [DeviceListMetadata],
      deviceListMetadataVersion: 2
    }
  },
  body: 'rr',
  from: '5214271325173'
}
[QUEUE_SE_ENVIO]:  {
  ref: 'ans_0ff81949-9848-42cf-82c9-5d0724daf4ba',
  keyword: 'ans_9a0c3afc-fd81-4ecf-b723-096741dd16a8',
  answer: '__capture_only_intended__',
  options: {
    media: null,
    buttons: [],
    capture: true,
    child: null,
    delay: 0,
    idle: null,
    ref: null,
    nested: [],
    keyword: {},
    callback: true
  },
  refSerialize: '976a771ca4da5b4be0d3ee1c4b25be0c'
}
[handleMsg]:  {
  key: {
    remoteJid: '5214271325173@s.whatsapp.net',
    fromMe: false,
    id: '3EB0A8AA526DE52021293B',
    participant: undefined
  },
  messageTimestamp: 1721170986,
  pushName: 'Mariana Rangel',
  broadcast: false,
  message: Message {
    conversation: 'r',
    messageContextInfo: MessageContextInfo {
      deviceListMetadata: [DeviceListMetadata],
      deviceListMetadataVersion: 2
    }
  },
  body: 'r',
  from: '5214271325173'
}
[QUEUE_SE_ENVIO]:  {
  ref: 'ans_d0aa2335-15c5-404c-9993-a4d8971cbf90',
  keyword: 'ans_0ff81949-9848-42cf-82c9-5d0724daf4ba',
  answer: '__capture_only_intended__',
  options: {
    media: null,
    buttons: [],
    capture: true,
    child: null,
    delay: 0,
    idle: null,
    ref: null,
    nested: [],
    keyword: {},
    callback: true
  },
  refSerialize: '8a9a31452041a201bcd509a18dc1a168'
}
[handleMsg]:  {
  key: {
    remoteJid: '5214271325173@s.whatsapp.net',
    fromMe: false,
    id: '3EB04616CBE362217CE302',
    participant: undefined
  },
  messageTimestamp: 1721170992,
  pushName: 'Mariana Rangel',
  broadcast: false,
  message: Message {
    conversation: 'enero',
    messageContextInfo: MessageContextInfo {
      deviceListMetadata: [DeviceListMetadata],
      deviceListMetadataVersion: 2
    }
  },
  body: 'enero',
  from: '5214271325173'
}
[QUEUE_SE_ENVIO]:  {
  ref: 'ans_bd65399d-4bf4-4d75-9409-c906a1b49ace',
  keyword: 'ans_d0aa2335-15c5-404c-9993-a4d8971cbf90',
  answer: '__capture_only_intended__',
  options: {
    media: null,
    buttons: [],
    capture: true,
    child: null,
    delay: 0,
    idle: null,
    ref: null,
    nested: [],
    keyword: {},
    callback: true
  },
  refSerialize: '449e1cc5d362712bc59f04c606053ede'
}
[handleMsg]:  {
  key: {
    remoteJid: '5214271325173@s.whatsapp.net',
    fromMe: false,
    id: '3EB0BB5EB31D183F2F329F',
    participant: undefined
  },
  messageTimestamp: 1721170997,
  pushName: 'Mariana Rangel',
  broadcast: false,
  message: Message {
    conversation: '13',
    messageContextInfo: MessageContextInfo {
      deviceListMetadata: [DeviceListMetadata],
      deviceListMetadataVersion: 2
    }
  },
  body: '13',
  from: '5214271325173'
}
[QUEUE_SE_ENVIO]:  {
  ref: 'ans_4fd97855-2347-41ea-af57-0e38078b3c44',
  keyword: 'ans_bd65399d-4bf4-4d75-9409-c906a1b49ace',
  answer: '__capture_only_intended__',
  options: {
    media: null,
    buttons: [],
    capture: true,
    child: null,
    delay: 0,
    idle: null,
    ref: null,
    nested: [],
    keyword: {},
    callback: true
  },
  refSerialize: 'b4bccca6eddeb80e5559bf78364d33f1'
}
[handleMsg]:  {
  key: {
    remoteJid: '5214271325173@s.whatsapp.net',
    fromMe: false,
    id: '3EB080FF6F186B94F401F4',
    participant: undefined
  },
  messageTimestamp: 1721170999,
  pushName: 'Mariana Rangel',
  broadcast: false,
  message: Message {
    conversation: '4',
    messageContextInfo: MessageContextInfo {
      deviceListMetadata: [DeviceListMetadata],
      deviceListMetadataVersion: 2
    }
  },
  body: '4',
  from: '5214271325173'
}
[QUEUE_SE_ENVIO]:  {
  ref: 'ans_dbb4db02-d683-401a-8d56-7aaa886a8252',
  keyword: 'ans_4fd97855-2347-41ea-af57-0e38078b3c44',
  answer: '__capture_only_intended__',
  options: {
    media: null,
    buttons: [],
    capture: true,
    child: null,
    delay: 0,
    idle: null,
    ref: null,
    nested: [],
    keyword: {},
    callback: true
  },
  refSerialize: '04738c9b49e67182a2443e3d7c54c8c9'
}
[handleMsg]:  {
  key: {
    remoteJid: '5214271325173@s.whatsapp.net',
    fromMe: false,
    id: '3EB00AAF78D85FA331C4A4',
    participant: undefined
  },
  messageTimestamp: 1721171012,
  pushName: 'Mariana Rangel',
  broadcast: false,
  message: Message {
    conversation: '4 y 6',
    messageContextInfo: MessageContextInfo {
      deviceListMetadata: [DeviceListMetadata],
      deviceListMetadataVersion: 2
    }
  },
  body: '4 y 6',
  from: '5214271325173'
}
[QUEUE_SE_ENVIO]:  {
  ref: 'ans_bc0abbd5-82a6-447b-ae05-818c5b1efb9e',
  keyword: 'ans_dbb4db02-d683-401a-8d56-7aaa886a8252',
  answer: '__call_action__',
  options: {
    media: null,
    buttons: [],
    capture: false,
    child: null,
    delay: 0,
    idle: null,
    ref: null,
    nested: [],
    keyword: {},
    callback: true
  },
  refSerialize: '7852ebedef34735381b1105a58532724'
}
[handleMsg]:  {
  key: {
    remoteJid: '5214271325173@s.whatsapp.net',
    fromMe: false,
    id: '3EB0A0BF7CA82B4AAE3452',
    participant: undefined
  },
  messageTimestamp: 1721171022,
  pushName: 'Mariana Rangel',
  broadcast: false,
  message: Message {
    conversation: 'menu',
    messageContextInfo: MessageContextInfo {
      deviceListMetadata: [DeviceListMetadata],
      deviceListMetadataVersion: 2
    }
  },
  body: 'menu',
  from: '5214271325173'
}
[QUEUE_SE_ENVIO]:  {
  ref: 'ans_78c5e757-5580-4efe-b35e-ee8968c05c06',
  keyword: 'key_3d7c904d-f8ce-48dc-b1a5-a9408dca497c',
  answer: 'Este es el menu de opciones \n' +
    '\n' +
    '1. Cotizar destino *nacional* ✈️🌎 \n' +
    '2. Cotizar destino *internacional* 🌏✈️\n' +
    '3. Cotizar otros servicios 🚎 \n' +
    '4. Cambios en mi reserva ⏱️\n' +
    '5. Estado de mi adeudo ✅\n' +
    '6. Reembolsos ⬅️\n' +
    '7. Facturación 📄\n' +
    '8. Tu Visa Americana con TravelMR 🇺🇸\n' +
    '9. Tu Visa Canadiense con TravelMR 🇨🇦\n' +
    '  10. Vuelos ✈️↔️\n' +
    ' 11. Salir\n' +
    '\n' +
    '*Por favor ingresa una opcion acorde a su número* \n' +
    '\n' +
    'Por ejemplo: *1*',
  options: {
    media: null,
    buttons: [],
    capture: true,
    child: null,
    delay: 0,
    idle: null,
    ref: null,
    nested: [],
    keyword: {},
    callback: true
  },
  refSerialize: 'aad6d478d541dbbb3c09bfd0a5a507ae'
}
[handleMsg]:  {
  key: {
    remoteJid: '5214271325173@s.whatsapp.net',
    fromMe: false,
    id: '3EB0F45C6FF5FEC0BD9EDE',
    participant: undefined
  },
  messageTimestamp: 1721171024,
  pushName: 'Mariana Rangel',
  broadcast: false,
  message: Message {
    conversation: '3',
    messageContextInfo: MessageContextInfo {
      deviceListMetadata: [DeviceListMetadata],
      deviceListMetadataVersion: 2
    }
  },
  body: '3',
  from: '5214271325173'
}
[handleMsg]:  {
  key: {
    remoteJid: '5214271325173@s.whatsapp.net',
    fromMe: false,
    id: '3EB04BC81B8B6389469310',
    participant: undefined
  },
  messageTimestamp: 1721171026,
  pushName: 'Mariana Rangel',
  broadcast: false,
  message: Message {
    conversation: '2',
    messageContextInfo: MessageContextInfo {
      deviceListMetadata: [DeviceListMetadata],
      deviceListMetadataVersion: 2
    }
  },
  body: '2',
  from: '5214271325173'
}
[handleMsg]:  {
  key: {
    remoteJid: '5214271325173@s.whatsapp.net',
    fromMe: false,
    id: '3EB030761DC1C18612BEDB',
    participant: undefined
  },
  messageTimestamp: 1721171030,
  pushName: 'Mariana Rangel',
  broadcast: false,
  message: Message {
    conversation: 'Huel',
    messageContextInfo: MessageContextInfo {
      deviceListMetadata: [DeviceListMetadata],
      deviceListMetadataVersion: 2
    }
  },
  body: 'Huel',
  from: '5214271325173'
}
[QUEUE_SE_ENVIO]:  {
  ref: 'ans_bb645a2e-94c2-416e-8a08-8b62eec68b67',
  keyword: 'ans_d4419a0b-e7e9-4f42-9fd1-2eab0c278323',
  answer: '__capture_only_intended__',
  options: {
    media: null,
    buttons: [],
    capture: true,
    child: null,
    delay: 0,
    idle: null,
    ref: null,
    nested: [],
    keyword: {},
    callback: true
  },
  refSerialize: '4c075023a5eb45029b8f5411541c7d93'
}
[handleMsg]:  {
  key: {
    remoteJid: '5214271325173@s.whatsapp.net',
    fromMe: false,
    id: '3EB0F8D1AFA9CDBD4C3ADF',
    participant: undefined
  },
  messageTimestamp: 1721171034,
  pushName: 'Mariana Rangel',
  broadcast: false,
  message: Message {
    conversation: 'playa del carmen',
    messageContextInfo: MessageContextInfo {
      deviceListMetadata: [DeviceListMetadata],
      deviceListMetadataVersion: 2
    }
  },
  body: 'playa del carmen',
  from: '5214271325173'
}
[QUEUE_SE_ENVIO]:  {
  ref: 'ans_f46ffedc-e670-4b4e-9e31-a5ff98436988',
  keyword: 'ans_bb645a2e-94c2-416e-8a08-8b62eec68b67',
  answer: '__capture_only_intended__',
  options: {
    media: null,
    buttons: [],
    capture: true,
    child: null,
    delay: 0,
    idle: null,
    ref: null,
    nested: [],
    keyword: {},
    callback: true
  },
  refSerialize: '05f9ed872b0c6b2d5d8a8f5025d4df3c'
}
[handleMsg]:  {
  key: {
    remoteJid: '5214271325173@s.whatsapp.net',
    fromMe: false,
    id: '3EB02805BCC00368D2EE29',
    participant: undefined
  },
  messageTimestamp: 1721171039,
  pushName: 'Mariana Rangel',
  broadcast: false,
  message: Message {
    conversation: '13 de enero',
    messageContextInfo: MessageContextInfo {
      deviceListMetadata: [DeviceListMetadata],
      deviceListMetadataVersion: 2
    }
  },
  body: '13 de enero',
  from: '5214271325173'
}
[QUEUE_SE_ENVIO]:  {
  ref: 'ans_1baf2dc5-88d5-454d-a834-8d9eab69b78f',
  keyword: 'ans_f46ffedc-e670-4b4e-9e31-a5ff98436988',
  answer: '__capture_only_intended__',
  options: {
    media: null,
    buttons: [],
    capture: true,
    child: null,
    delay: 0,
    idle: null,
    ref: null,
    nested: [],
    keyword: {},
    callback: true
  },
  refSerialize: '5e4d460f04119fc0d02a67cb0570511b'
}
[handleMsg]:  {
  key: {
    remoteJid: '5214271325173@s.whatsapp.net',
    fromMe: false,
    id: '3EB0DA876545647C38C611',
    participant: undefined
  },
  messageTimestamp: 1721171046,
  pushName: 'Mariana Rangel',
  broadcast: false,
  message: Message {
    conversation: 'wdwedjqnkjwqendjkwqendejwdnwqeqd',
    messageContextInfo: MessageContextInfo {
      deviceListMetadata: [DeviceListMetadata],
      deviceListMetadataVersion: 2
    }
  },
  body: 'wdwedjqnkjwqendjkwqendejwdnwqeqd',
  from: '5214271325173'
}
[handleMsg]:  {
  key: {
    remoteJid: '5214271325173@s.whatsapp.net',
    fromMe: false,
    id: '3EB01AAB77319B8FD33035',
    participant: undefined
  },
  messageTimestamp: 1721171051,
  pushName: 'Mariana Rangel',
  broadcast: false,
  message: Message {
    conversation: 'menu',
    messageContextInfo: MessageContextInfo {
      deviceListMetadata: [DeviceListMetadata],
      deviceListMetadataVersion: 2
    }
  },
  body: 'menu',
  from: '5214271325173'
}
[QUEUE_SE_ENVIO]:  {
  ref: 'ans_78c5e757-5580-4efe-b35e-ee8968c05c06',
  keyword: 'key_3d7c904d-f8ce-48dc-b1a5-a9408dca497c',
  answer: 'Este es el menu de opciones \n' +
    '\n' +
    '1. Cotizar destino *nacional* ✈️🌎 \n' +
    '2. Cotizar destino *internacional* 🌏✈️\n' +
    '3. Cotizar otros servicios 🚎 \n' +
    '4. Cambios en mi reserva ⏱️\n' +
    '5. Estado de mi adeudo ✅\n' +
    '6. Reembolsos ⬅️\n' +
    '7. Facturación 📄\n' +
    '8. Tu Visa Americana con TravelMR 🇺🇸\n' +
    '9. Tu Visa Canadiense con TravelMR 🇨🇦\n' +
    '  10. Vuelos ✈️↔️\n' +
    ' 11. Salir\n' +
    '\n' +
    '*Por favor ingresa una opcion acorde a su número* \n' +
    '\n' +
    'Por ejemplo: *1*',
  options: {
    media: null,
    buttons: [],
    capture: true,
    child: null,
    delay: 0,
    idle: null,
    ref: null,
    nested: [],
    keyword: {},
    callback: true
  },
  refSerialize: 'aad6d478d541dbbb3c09bfd0a5a507ae'
}
[handleMsg]:  {
  key: {
    remoteJid: '5214271325173@s.whatsapp.net',
    fromMe: false,
    id: '3EB0397206CC5A9E78556F',
    participant: undefined
  },
  messageTimestamp: 1721171053,
  pushName: 'Mariana Rangel',
  broadcast: false,
  message: Message {
    conversation: '3',
    messageContextInfo: MessageContextInfo {
      deviceListMetadata: [DeviceListMetadata],
      deviceListMetadataVersion: 2
    }
  },
  body: '3',
  from: '5214271325173'
}
[handleMsg]:  {
  key: {
    remoteJid: '5214271325173@s.whatsapp.net',
    fromMe: false,
    id: '3EB0DBD7CD6D743C321384',
    participant: undefined
  },
  messageTimestamp: 1721171057,
  pushName: 'Mariana Rangel',
  broadcast: false,
  message: Message {
    conversation: '3',
    messageContextInfo: MessageContextInfo {
      deviceListMetadata: [DeviceListMetadata],
      deviceListMetadataVersion: 2
    }
  },
  body: '3',
  from: '5214271325173'
}
[handleMsg]:  {
  key: {
    remoteJid: '5214271325173@s.whatsapp.net',
    fromMe: false,
    id: '3EB0B2FF9952B0A591FCA1',
    participant: undefined
  },
  messageTimestamp: 1721171059,
  pushName: 'Mariana Rangel',
  broadcast: false,
  message: Message {
    conversation: 'sdwdw',
    messageContextInfo: MessageContextInfo {
      deviceListMetadata: [DeviceListMetadata],
      deviceListMetadataVersion: 2
    }
  },
  body: 'sdwdw',
  from: '5214271325173'
}
[QUEUE_SE_ENVIO]:  {
  ref: 'ans_39138c8e-f068-46fb-adcd-bb39f78676cf',
  keyword: 'ans_94abd0d5-8fff-4e16-bbde-9ee37520a421',
  answer: '__capture_only_intended__',
  options: {
    media: null,
    buttons: [],
    capture: true,
    child: null,
    delay: 0,
    idle: null,
    ref: null,
    nested: [],
    keyword: {},
    callback: true
  },
  refSerialize: 'c9baa02da747d486a7913f516c81b748'
}
[handleMsg]:  {
  key: {
    remoteJid: '5214271325173@s.whatsapp.net',
    fromMe: false,
    id: '3EB00FD0BC52290BA0A87B',
    participant: undefined
  },
  messageTimestamp: 1721171061,
  pushName: 'Mariana Rangel',
  broadcast: false,
  message: Message {
    conversation: 'wedwedwed',
    messageContextInfo: MessageContextInfo {
      deviceListMetadata: [DeviceListMetadata],
      deviceListMetadataVersion: 2
    }
  },
  body: 'wedwedwed',
  from: '5214271325173'
}
[QUEUE_SE_ENVIO]:  {
  ref: 'ans_029fdbc0-690d-4ad0-ba14-4be8b1e795a3',
  keyword: 'ans_39138c8e-f068-46fb-adcd-bb39f78676cf',
  answer: '__capture_only_intended__',
  options: {
    media: null,
    buttons: [],
    capture: true,
    child: null,
    delay: 0,
    idle: null,
    ref: null,
    nested: [],
    keyword: {},
    callback: true
  },
  refSerialize: '781425d4b7758f63cb53b21d7e35ac99'
}
[handleMsg]:  {
  key: {
    remoteJid: '5214271325173@s.whatsapp.net',
    fromMe: false,
    id: '3EB04C3EB786494DB092E7',
    participant: undefined
  },
  messageTimestamp: 1721171062,
  pushName: 'Mariana Rangel',
  broadcast: false,
  message: Message {
    conversation: 'wedwe',
    messageContextInfo: MessageContextInfo {
      deviceListMetadata: [DeviceListMetadata],
      deviceListMetadataVersion: 2
    }
  },
  body: 'wedwe',
  from: '5214271325173'
}
[QUEUE_SE_ENVIO]:  {
  ref: 'ans_c2eaf7f9-6f27-4cb5-96d5-27307a70b1df',
  keyword: 'ans_029fdbc0-690d-4ad0-ba14-4be8b1e795a3',
  answer: '__capture_only_intended__',
  options: {
    media: null,
    buttons: [],
    capture: true,
    child: null,
    delay: 0,
    idle: null,
    ref: null,
    nested: [],
    keyword: {},
    callback: true
  },
  refSerialize: '6964a9d467df5c6778fe1e10d71f84f1'
}
[handleMsg]:  {
  key: {
    remoteJid: '5214271325173@s.whatsapp.net',
    fromMe: false,
    id: '3EB0AC6F396E043CD8613A',
    participant: undefined
  },
  messageTimestamp: 1721171064,
  pushName: 'Mariana Rangel',
  broadcast: false,
  message: Message {
    conversation: 'wedwedw',
    messageContextInfo: MessageContextInfo {
      deviceListMetadata: [DeviceListMetadata],
      deviceListMetadataVersion: 2
    }
  },
  body: 'wedwedw',
  from: '5214271325173'
}
[handleMsg]:  {
  key: {
    remoteJid: '5214271325173@s.whatsapp.net',
    fromMe: false,
    id: '3EB0A6B01CFD074204801C',
    participant: undefined
  },
  messageTimestamp: 1721171067,
  pushName: 'Mariana Rangel',
  broadcast: false,
  message: Message {
    conversation: 'menu',
    messageContextInfo: MessageContextInfo {
      deviceListMetadata: [DeviceListMetadata],
      deviceListMetadataVersion: 2
    }
  },
  body: 'menu',
  from: '5214271325173'
}
[QUEUE_SE_ENVIO]:  {
  ref: 'ans_78c5e757-5580-4efe-b35e-ee8968c05c06',
  keyword: 'key_3d7c904d-f8ce-48dc-b1a5-a9408dca497c',
  answer: 'Este es el menu de opciones \n' +
    '\n' +
    '1. Cotizar destino *nacional* ✈️🌎 \n' +
    '2. Cotizar destino *internacional* 🌏✈️\n' +
    '3. Cotizar otros servicios 🚎 \n' +
    '4. Cambios en mi reserva ⏱️\n' +
    '5. Estado de mi adeudo ✅\n' +
    '6. Reembolsos ⬅️\n' +
    '7. Facturación 📄\n' +
    '8. Tu Visa Americana con TravelMR 🇺🇸\n' +
    '9. Tu Visa Canadiense con TravelMR 🇨🇦\n' +
    '  10. Vuelos ✈️↔️\n' +
    ' 11. Salir\n' +
    '\n' +
    '*Por favor ingresa una opcion acorde a su número* \n' +
    '\n' +
    'Por ejemplo: *1*',
  options: {
    media: null,
    buttons: [],
    capture: true,
    child: null,
    delay: 0,
    idle: null,
    ref: null,
    nested: [],
    keyword: {},
    callback: true
  },
  refSerialize: 'aad6d478d541dbbb3c09bfd0a5a507ae'
}
[handleMsg]:  {
  key: {
    remoteJid: '5214271325173@s.whatsapp.net',
    fromMe: false,
    id: '3EB0FA3E165B65A3C175B9',
    participant: undefined
  },
  messageTimestamp: 1721171069,
  pushName: 'Mariana Rangel',
  broadcast: false,
  message: Message {
    conversation: '3',
    messageContextInfo: MessageContextInfo {
      deviceListMetadata: [DeviceListMetadata],
      deviceListMetadataVersion: 2
    }
  },
  body: '3',
  from: '5214271325173'
}
[handleMsg]:  {
  key: {
    remoteJid: '5214271325173@s.whatsapp.net',
    fromMe: false,
    id: '3EB06CAB7C3E8B448D6460',
    participant: undefined
  },
  messageTimestamp: 1721171071,
  pushName: 'Mariana Rangel',
  broadcast: false,
  message: Message {
    conversation: '4',
    messageContextInfo: MessageContextInfo {
      deviceListMetadata: [DeviceListMetadata],
      deviceListMetadataVersion: 2
    }
  },
  body: '4',
  from: '5214271325173'
}
[handleMsg]:  {
  key: {
    remoteJid: '5214271325173@s.whatsapp.net',
    fromMe: false,
    id: '3EB058D911CAF385EAB0DC',
    participant: undefined
  },
  messageTimestamp: 1721171075,
  pushName: 'Mariana Rangel',
  broadcast: false,
  message: Message {
    conversation: 'arturo',
    messageContextInfo: MessageContextInfo {
      deviceListMetadata: [DeviceListMetadata],
      deviceListMetadataVersion: 2
    }
  },
  body: 'arturo',
  from: '5214271325173'
}
[QUEUE_SE_ENVIO]:  {
  ref: 'ans_9a46cecc-4239-4aeb-88e6-7487ca2ade94',
  keyword: 'ans_2d73f399-23a6-4c99-934b-22dc9894e237',
  answer: '__capture_only_intended__',
  options: {
    media: null,
    buttons: [],
    capture: true,
    child: null,
    delay: 0,
    idle: null,
    ref: null,
    nested: [],
    keyword: {},
    callback: true
  },
  refSerialize: '8af7461fdcc038424127eedeaa66abb1'
}
[handleMsg]:  {
  key: {
    remoteJid: '5214271325173@s.whatsapp.net',
    fromMe: false,
    id: '3EB00D4B0EBD0F30B56F99',
    participant: undefined
  },
  messageTimestamp: 1721171083,
  pushName: 'Mariana Rangel',
  broadcast: false,
  message: Message {
    conversation: 'San juan del rio',
    messageContextInfo: MessageContextInfo {
      deviceListMetadata: [DeviceListMetadata],
      deviceListMetadataVersion: 2
    }
  },
  body: 'San juan del rio',
  from: '5214271325173'
}
[QUEUE_SE_ENVIO]:  {
  ref: 'ans_b433568a-1ea5-4c5c-9ed3-1943d4a4bfa4',
  keyword: 'ans_9a46cecc-4239-4aeb-88e6-7487ca2ade94',
  answer: '__capture_only_intended__',
  options: {
    media: null,
    buttons: [],
    capture: true,
    child: null,
    delay: 0,
    idle: null,
    ref: null,
    nested: [],
    keyword: {},
    callback: true
  },
  refSerialize: '860e1f5f723d07d4b45eabf236597db0'
}
[handleMsg]:  {
  key: {
    remoteJid: '5214271325173@s.whatsapp.net',
    fromMe: false,
    id: '3EB054EFC6FC3C5CEED150',
    participant: undefined
  },
  messageTimestamp: 1721171086,
  pushName: 'Mariana Rangel',
  broadcast: false,
  message: Message {
    conversation: '3',
    messageContextInfo: MessageContextInfo {
      deviceListMetadata: [DeviceListMetadata],
      deviceListMetadataVersion: 2
    }
  },
  body: '3',
  from: '5214271325173'
}
[QUEUE_SE_ENVIO]:  {
  ref: 'ans_83e74dd7-b3d2-4388-9c4b-1078eacce1b0',
  keyword: 'ans_b433568a-1ea5-4c5c-9ed3-1943d4a4bfa4',
  answer: '__capture_only_intended__',
  options: {
    media: null,
    buttons: [],
    capture: true,
    child: null,
    delay: 0,
    idle: null,
    ref: null,
    nested: [],
    keyword: {},
    callback: true
  },
  refSerialize: '2cbc351f69cb1a9fb63beb50afb22805'
}
[handleMsg]:  {
  key: {
    remoteJid: '5214271325173@s.whatsapp.net',
    fromMe: false,
    id: '3EB0B5FF3AAFB37D3F0F09',
    participant: undefined
  },
  messageTimestamp: 1721171090,
  pushName: 'Mariana Rangel',
  broadcast: false,
  message: Message {
    conversation: 'si',
    messageContextInfo: MessageContextInfo {
      deviceListMetadata: [DeviceListMetadata],
      deviceListMetadataVersion: 2
    }
  },
  body: 'si',
  from: '5214271325173'
}
[handleMsg]:  {
  key: {
    remoteJid: '5214271325173@s.whatsapp.net',
    fromMe: false,
    id: '3EB076FC558B976B8185CC',
    participant: undefined
  },
  messageTimestamp: 1721171110,
  pushName: 'Mariana Rangel',
  broadcast: false,
  message: Message {
    conversation: 'menu',
    messageContextInfo: MessageContextInfo {
      deviceListMetadata: [DeviceListMetadata],
      deviceListMetadataVersion: 2
    }
  },
  body: 'menu',
  from: '5214271325173'
}
[QUEUE_SE_ENVIO]:  {
  ref: 'ans_78c5e757-5580-4efe-b35e-ee8968c05c06',
  keyword: 'key_3d7c904d-f8ce-48dc-b1a5-a9408dca497c',
  answer: 'Este es el menu de opciones \n' +
    '\n' +
    '1. Cotizar destino *nacional* ✈️🌎 \n' +
    '2. Cotizar destino *internacional* 🌏✈️\n' +
    '3. Cotizar otros servicios 🚎 \n' +
    '4. Cambios en mi reserva ⏱️\n' +
    '5. Estado de mi adeudo ✅\n' +
    '6. Reembolsos ⬅️\n' +
    '7. Facturación 📄\n' +
    '8. Tu Visa Americana con TravelMR 🇺🇸\n' +
    '9. Tu Visa Canadiense con TravelMR 🇨🇦\n' +
    '  10. Vuelos ✈️↔️\n' +
    ' 11. Salir\n' +
    '\n' +
    '*Por favor ingresa una opcion acorde a su número* \n' +
    '\n' +
    'Por ejemplo: *1*',
  options: {
    media: null,
    buttons: [],
    capture: true,
    child: null,
    delay: 0,
    idle: null,
    ref: null,
    nested: [],
    keyword: {},
    callback: true
  },
  refSerialize: 'aad6d478d541dbbb3c09bfd0a5a507ae'
}
[handleMsg]:  {
  key: {
    remoteJid: '5214271325173@s.whatsapp.net',
    fromMe: false,
    id: '3EB00C295C10AB8F23452F',
    participant: undefined
  },
  messageTimestamp: 1721171112,
  pushName: 'Mariana Rangel',
  broadcast: false,
  message: Message {
    conversation: '3',
    messageContextInfo: MessageContextInfo {
      deviceListMetadata: [DeviceListMetadata],
      deviceListMetadataVersion: 2
    }
  },
  body: '3',
  from: '5214271325173'
}
[handleMsg]:  {
  key: {
    remoteJid: '5214271325173@s.whatsapp.net',
    fromMe: false,
    id: '3EB02B6C936CAF2FBDC5AE',
    participant: undefined
  },
  messageTimestamp: 1721171115,
  pushName: 'Mariana Rangel',
  broadcast: false,
  message: Message {
    conversation: '5',
    messageContextInfo: MessageContextInfo {
      deviceListMetadata: [DeviceListMetadata],
      deviceListMetadataVersion: 2
    }
  },
  body: '5',
  from: '5214271325173'
}
[handleMsg]:  {
  key: {
    remoteJid: '5214271325173@s.whatsapp.net',
    fromMe: false,
    id: '3EB0D84EE3790B0562511E',
    participant: undefined
  },
  messageTimestamp: 1721171118,
  pushName: 'Mariana Rangel',
  broadcast: false,
  message: Message {
    conversation: 'sqw',
    messageContextInfo: MessageContextInfo {
      deviceListMetadata: [DeviceListMetadata],
      deviceListMetadataVersion: 2
    }
  },
  body: 'sqw',
  from: '5214271325173'
}
[QUEUE_SE_ENVIO]:  {
  ref: 'ans_885b8c54-1fb4-46bd-851f-431ef9e507a3',
  keyword: 'ans_09a5798b-4c05-437f-b36f-1cd16db4f2d5',
  answer: '__capture_only_intended__',
  options: {
    media: null,
    buttons: [],
    capture: true,
    child: null,
    delay: 0,
    idle: null,
    ref: null,
    nested: [],
    keyword: {},
    callback: true
  },
  refSerialize: 'eb38a9b07d23c8c03e37c52bf73c6e1e'
}
[handleMsg]:  {
  key: {
    remoteJid: '5214271325173@s.whatsapp.net',
    fromMe: false,
    id: '3EB01659A225EC07C68B61',
    participant: undefined
  },
  messageTimestamp: 1721171121,
  pushName: 'Mariana Rangel',
  broadcast: false,
  message: Message {
    conversation: 'qwsqsq',
    messageContextInfo: MessageContextInfo {
      deviceListMetadata: [DeviceListMetadata],
      deviceListMetadataVersion: 2
    }
  },
  body: 'qwsqsq',
  from: '5214271325173'
}
[QUEUE_SE_ENVIO]:  {
  ref: 'ans_0ad85925-9c0b-4555-9995-104fb33ec69b',
  keyword: 'ans_885b8c54-1fb4-46bd-851f-431ef9e507a3',
  answer: '__capture_only_intended__',
  options: {
    media: null,
    buttons: [],
    capture: true,
    child: null,
    delay: 0,
    idle: null,
    ref: null,
    nested: [],
    keyword: {},
    callback: true
  },
  refSerialize: '77e07fd05cb07652707396c9d191b7f7'
}
[handleMsg]:  {
  key: {
    remoteJid: '5214271325173@s.whatsapp.net',
    fromMe: false,
    id: '3EB0A55A9E9ECF74642368',
    participant: undefined
  },
  messageTimestamp: 1721171129,
  pushName: 'Mariana Rangel',
  broadcast: false,
  message: Message {
    conversation: 'swqsqws',
    messageContextInfo: MessageContextInfo {
      deviceListMetadata: [DeviceListMetadata],
      deviceListMetadataVersion: 2
    }
  },
  body: 'swqsqws',
  from: '5214271325173'
}
[QUEUE_SE_ENVIO]:  {
  ref: 'ans_9efc7850-3c2b-4306-807a-40a02da5731c',
  keyword: 'ans_0ad85925-9c0b-4555-9995-104fb33ec69b',
  answer: '__capture_only_intended__',
  options: {
    media: null,
    buttons: [],
    capture: true,
    child: null,
    delay: 0,
    idle: null,
    ref: null,
    nested: [],
    keyword: {},
    callback: true
  },
  refSerialize: '208237949dfeaaeb0bdbb29ae3ee6688'
}
[handleMsg]:  {
  key: {
    remoteJid: '5214271325173@s.whatsapp.net',
    fromMe: false,
    id: '3EB0A1C316920BB5134CB1',
    participant: undefined
  },
  messageTimestamp: 1721171131,
  pushName: 'Mariana Rangel',
  broadcast: false,
  message: Message {
    conversation: '3',
    messageContextInfo: MessageContextInfo {
      deviceListMetadata: [DeviceListMetadata],
      deviceListMetadataVersion: 2
    }
  },
  body: '3',
  from: '5214271325173'
}
[handleMsg]:  {
  key: {
    remoteJid: '5214271325173@s.whatsapp.net',
    fromMe: false,
    id: '3EB0C68B251C84EA7F9F59',
    participant: undefined
  },
  messageTimestamp: 1721171148,
  pushName: 'Mariana Rangel',
  broadcast: false,
  message: Message {
    conversation: 'menu',
    messageContextInfo: MessageContextInfo {
      deviceListMetadata: [DeviceListMetadata],
      deviceListMetadataVersion: 2
    }
  },
  body: 'menu',
  from: '5214271325173'
}
[QUEUE_SE_ENVIO]:  {
  ref: 'ans_78c5e757-5580-4efe-b35e-ee8968c05c06',
  keyword: 'key_3d7c904d-f8ce-48dc-b1a5-a9408dca497c',
  answer: 'Este es el menu de opciones \n' +
    '\n' +
    '1. Cotizar destino *nacional* ✈️🌎 \n' +
    '2. Cotizar destino *internacional* 🌏✈️\n' +
    '3. Cotizar otros servicios 🚎 \n' +
    '4. Cambios en mi reserva ⏱️\n' +
    '5. Estado de mi adeudo ✅\n' +
    '6. Reembolsos ⬅️\n' +
    '7. Facturación 📄\n' +
    '8. Tu Visa Americana con TravelMR 🇺🇸\n' +
    '9. Tu Visa Canadiense con TravelMR 🇨🇦\n' +
    '  10. Vuelos ✈️↔️\n' +
    ' 11. Salir\n' +
    '\n' +
    '*Por favor ingresa una opcion acorde a su número* \n' +
    '\n' +
    'Por ejemplo: *1*',
  options: {
    media: null,
    buttons: [],
    capture: true,
    child: null,
    delay: 0,
    idle: null,
    ref: null,
    nested: [],
    keyword: {},
    callback: true
  },
  refSerialize: 'aad6d478d541dbbb3c09bfd0a5a507ae'
}
[handleMsg]:  {
  key: {
    remoteJid: '5214271325173@s.whatsapp.net',
    fromMe: false,
    id: '3EB0D25BF6D678104773D6',
    participant: undefined
  },
  messageTimestamp: 1721171153,
  pushName: 'Mariana Rangel',
  broadcast: false,
  message: Message {
    conversation: '3',
    messageContextInfo: MessageContextInfo {
      deviceListMetadata: [DeviceListMetadata],
      deviceListMetadataVersion: 2
    }
  },
  body: '3',
  from: '5214271325173'
}
[handleMsg]:  {
  key: {
    remoteJid: '5214271325173@s.whatsapp.net',
    fromMe: false,
    id: '3EB0FA29BCD66D74B01CDE',
    participant: undefined
  },
  messageTimestamp: 1721171158,
  pushName: 'Mariana Rangel',
  broadcast: false,
  message: Message {
    conversation: '7',
    messageContextInfo: MessageContextInfo {
      deviceListMetadata: [DeviceListMetadata],
      deviceListMetadataVersion: 2
    }
  },
  body: '7',
  from: '5214271325173'
}
[handleMsg]:  {
  key: {
    remoteJid: '5214271325173@s.whatsapp.net',
    fromMe: false,
    id: '3EB09AC33FEC79332EFE35',
    participant: undefined
  },
  messageTimestamp: 1721171162,
  pushName: 'Mariana Rangel',
  broadcast: false,
  message: Message {
    conversation: 'menu',
    messageContextInfo: MessageContextInfo {
      deviceListMetadata: [DeviceListMetadata],
      deviceListMetadataVersion: 2
    }
  },
  body: 'menu',
  from: '5214271325173'
}
[QUEUE_SE_ENVIO]:  {
  ref: 'ans_78c5e757-5580-4efe-b35e-ee8968c05c06',
  keyword: 'key_3d7c904d-f8ce-48dc-b1a5-a9408dca497c',
  answer: 'Este es el menu de opciones \n' +
    '\n' +
    '1. Cotizar destino *nacional* ✈️🌎 \n' +
    '2. Cotizar destino *internacional* 🌏✈️\n' +
    '3. Cotizar otros servicios 🚎 \n' +
    '4. Cambios en mi reserva ⏱️\n' +
    '5. Estado de mi adeudo ✅\n' +
    '6. Reembolsos ⬅️\n' +
    '7. Facturación 📄\n' +
    '8. Tu Visa Americana con TravelMR 🇺🇸\n' +
    '9. Tu Visa Canadiense con TravelMR 🇨🇦\n' +
    '  10. Vuelos ✈️↔️\n' +
    ' 11. Salir\n' +
    '\n' +
    '*Por favor ingresa una opcion acorde a su número* \n' +
    '\n' +
    'Por ejemplo: *1*',
  options: {
    media: null,
    buttons: [],
    capture: true,
    child: null,
    delay: 0,
    idle: null,
    ref: null,
    nested: [],
    keyword: {},
    callback: true
  },
  refSerialize: 'aad6d478d541dbbb3c09bfd0a5a507ae'
}
[handleMsg]:  {
  key: {
    remoteJid: '5214271325173@s.whatsapp.net',
    fromMe: false,
    id: '3EB018DABC1F25F7161EF7',
    participant: undefined
  },
  messageTimestamp: 1721171190,
  pushName: 'Mariana Rangel',
  broadcast: false,
  message: Message {
    conversation: '11',
    messageContextInfo: MessageContextInfo {
      deviceListMetadata: [DeviceListMetadata],
      deviceListMetadataVersion: 2
    }
  },
  body: '11',
  from: '5214271325173'
}
[handleMsg]:  {
  key: {
    remoteJid: '5214271325173@s.whatsapp.net',
    fromMe: false,
    id: '3EB0BCE6D678E4847AB919',
    participant: undefined
  },
  messageTimestamp: 1721171200,
  pushName: 'Mariana Rangel',
  broadcast: false,
  message: Message {
    conversation: '3',
    messageContextInfo: MessageContextInfo {
      deviceListMetadata: [DeviceListMetadata],
      deviceListMetadataVersion: 2
    }
  },
  body: '3',
  from: '5214271325173'
}
[QUEUE_SE_ENVIO]:  {
  ref: 'ans_380fd515-8007-44d4-ae36-178b9ad89abc',
  keyword: 'key_bb8ecc0a-98ba-42e1-a9ac-99b53e3f9e74',
  answer: '❤️ *¡Hola Viajero!* ❤️\n' +
    '\n' +
    'Soy el Chatbot de TravelMR, es un placer tenerte con nosotros. 🫶 \n' +
    '\n' +
    'Puedes ver nuestra cartelera de viajes ingresando en el siguiente enlace \n' +
    '-> https://travelmr.com.mx/view/viajes \n' +
    '\n' +
    'Si deseas ver el menú de opciones de este chatbot escribe la palabra: *MENÚ*',
  options: {
    media: null,
    buttons: [],
    capture: false,
    child: null,
    delay: 0,
    idle: null,
    ref: null,
    nested: [],
    keyword: {},
    callback: false
  },
  refSerialize: '726b31e810b61dec89126c06e8f0bb9c'
}
[handleMsg]:  {
  key: {
    remoteJid: '5214271325173@s.whatsapp.net',
    fromMe: false,
    id: '3EB0969A82584BE51EF90E',
    participant: undefined
  },
  messageTimestamp: 1721171203,
  pushName: 'Mariana Rangel',
  broadcast: false,
  message: Message {
    conversation: 'menu',
    messageContextInfo: MessageContextInfo {
      deviceListMetadata: [DeviceListMetadata],
      deviceListMetadataVersion: 2
    }
  },
  body: 'menu',
  from: '5214271325173'
}
[QUEUE_SE_ENVIO]:  {
  ref: 'ans_78c5e757-5580-4efe-b35e-ee8968c05c06',
  keyword: 'key_3d7c904d-f8ce-48dc-b1a5-a9408dca497c',
  answer: 'Este es el menu de opciones \n' +
    '\n' +
    '1. Cotizar destino *nacional* ✈️🌎 \n' +
    '2. Cotizar destino *internacional* 🌏✈️\n' +
    '3. Cotizar otros servicios 🚎 \n' +
    '4. Cambios en mi reserva ⏱️\n' +
    '5. Estado de mi adeudo ✅\n' +
    '6. Reembolsos ⬅️\n' +
    '7. Facturación 📄\n' +
    '8. Tu Visa Americana con TravelMR 🇺🇸\n' +
    '9. Tu Visa Canadiense con TravelMR 🇨🇦\n' +
    '  10. Vuelos ✈️↔️\n' +
    ' 11. Salir\n' +
    '\n' +
    '*Por favor ingresa una opcion acorde a su número* \n' +
    '\n' +
    'Por ejemplo: *1*',
  options: {
    media: null,
    buttons: [],
    capture: true,
    child: null,
    delay: 0,
    idle: null,
    ref: null,
    nested: [],
    keyword: {},
    callback: true
  },
  refSerialize: 'aad6d478d541dbbb3c09bfd0a5a507ae'
}
[handleMsg]:  {
  key: {
    remoteJid: '5214271325173@s.whatsapp.net',
    fromMe: false,
    id: '3EB085C5741A110759E04E',
    participant: undefined
  },
  messageTimestamp: 1721171207,
  pushName: 'Mariana Rangel',
  broadcast: false,
  message: Message {
    conversation: '3',
    messageContextInfo: MessageContextInfo {
      deviceListMetadata: [DeviceListMetadata],
      deviceListMetadataVersion: 2
    }
  },
  body: '3',
  from: '5214271325173'
}
[handleMsg]:  {
  key: {
    remoteJid: '5214271325173@s.whatsapp.net',
    fromMe: false,
    id: '3EB0106F7203CD26E51DBE',
    participant: undefined
  },
  messageTimestamp: 1721171211,
  pushName: 'Mariana Rangel',
  broadcast: false,
  message: Message {
    conversation: '6',
    messageContextInfo: MessageContextInfo {
      deviceListMetadata: [DeviceListMetadata],
      deviceListMetadataVersion: 2
    }
  },
  body: '6',
  from: '5214271325173'
}
[handleMsg]:  {
  key: {
    remoteJid: '5214271325173@s.whatsapp.net',
    fromMe: false,
    id: '3EB0B8FE274AB0EFA37BAD',
    participant: undefined
  },
  messageTimestamp: 1721171214,
  pushName: 'Mariana Rangel',
  broadcast: false,
  message: Message {
    conversation: 'e',
    messageContextInfo: MessageContextInfo {
      deviceListMetadata: [DeviceListMetadata],
      deviceListMetadataVersion: 2
    }
  },
  body: 'e',
  from: '5214271325173'
}
[QUEUE_SE_ENVIO]:  {
  ref: 'ans_098665b8-6673-47fe-aff0-b83ad235bde4',
  keyword: 'ans_0f5b8789-8754-442c-98f6-c1e281000fd5',
  answer: '__capture_only_intended__',
  options: {
    media: null,
    buttons: [],
    capture: true,
    child: null,
    delay: 0,
    idle: null,
    ref: null,
    nested: [],
    keyword: {},
    callback: true
  },
  refSerialize: '2e346e68d23b44a161af7aceace33239'
}
[handleMsg]:  {
  key: {
    remoteJid: '5214271325173@s.whatsapp.net',
    fromMe: false,
    id: '3EB069BFC059C025ED7343',
    participant: undefined
  },
  messageTimestamp: 1721171219,
  pushName: 'Mariana Rangel',
  broadcast: false,
  message: Message {
    conversation: 'wdqdeqwdeqwdqeq',
    messageContextInfo: MessageContextInfo {
      deviceListMetadata: [DeviceListMetadata],
      deviceListMetadataVersion: 2
    }
  },
  body: 'wdqdeqwdeqwdqeq',
  from: '5214271325173'
}
[QUEUE_SE_ENVIO]:  {
  ref: 'ans_b7eb2bed-31f8-4ec8-b129-04dd2ea661ea',
  keyword: 'ans_098665b8-6673-47fe-aff0-b83ad235bde4',
  answer: '__capture_only_intended__',
  options: {
    media: null,
    buttons: [],
    capture: true,
    child: null,
    delay: 0,
    idle: null,
    ref: null,
    nested: [],
    keyword: {},
    callback: true
  },
  refSerialize: '6883642dac55725f497a66679d89a162'
}
[handleMsg]:  {
  key: {
    remoteJid: '5214271325173@s.whatsapp.net',
    fromMe: false,
    id: '3EB0E0299063EFABCB1645',
    participant: undefined
  },
  messageTimestamp: 1721171221,
  pushName: 'Mariana Rangel',
  broadcast: false,
  message: Message {
    conversation: '3',
    messageContextInfo: MessageContextInfo {
      deviceListMetadata: [DeviceListMetadata],
      deviceListMetadataVersion: 2
    }
  },
  body: '3',
  from: '5214271325173'
}
[handleMsg]:  {
  key: {
    remoteJid: '5214271325173@s.whatsapp.net',
    fromMe: false,
    id: '3EB0DD74579EC6A1DFB948',
    participant: undefined
  },
  messageTimestamp: 1721171226,
  pushName: 'Mariana Rangel',
  broadcast: false,
  message: Message {
    conversation: 'menu',
    messageContextInfo: MessageContextInfo {
      deviceListMetadata: [DeviceListMetadata],
      deviceListMetadataVersion: 2
    }
  },
  body: 'menu',
  from: '5214271325173'
}
[QUEUE_SE_ENVIO]:  {
  ref: 'ans_78c5e757-5580-4efe-b35e-ee8968c05c06',
  keyword: 'key_3d7c904d-f8ce-48dc-b1a5-a9408dca497c',
  answer: 'Este es el menu de opciones \n' +
    '\n' +
    '1. Cotizar destino *nacional* ✈️🌎 \n' +
    '2. Cotizar destino *internacional* 🌏✈️\n' +
    '3. Cotizar otros servicios 🚎 \n' +
    '4. Cambios en mi reserva ⏱️\n' +
    '5. Estado de mi adeudo ✅\n' +
    '6. Reembolsos ⬅️\n' +
    '7. Facturación 📄\n' +
    '8. Tu Visa Americana con TravelMR 🇺🇸\n' +
    '9. Tu Visa Canadiense con TravelMR 🇨🇦\n' +
    '  10. Vuelos ✈️↔️\n' +
    ' 11. Salir\n' +
    '\n' +
    '*Por favor ingresa una opcion acorde a su número* \n' +
    '\n' +
    'Por ejemplo: *1*',
  options: {
    media: null,
    buttons: [],
    capture: true,
    child: null,
    delay: 0,
    idle: null,
    ref: null,
    nested: [],
    keyword: {},
    callback: true
  },
  refSerialize: 'aad6d478d541dbbb3c09bfd0a5a507ae'
}
[handleMsg]:  {
  key: {
    remoteJid: '5214271325173@s.whatsapp.net',
    fromMe: false,
    id: '3EB00747E2FDAB0E806F77',
    participant: undefined
  },
  messageTimestamp: 1721171236,
  pushName: 'Mariana Rangel',
  broadcast: false,
  message: Message {
    conversation: '4',
    messageContextInfo: MessageContextInfo {
      deviceListMetadata: [DeviceListMetadata],
      deviceListMetadataVersion: 2
    }
  },
  body: '4',
  from: '5214271325173'
}
[handleMsg]:  {
  key: {
    remoteJid: '5214271325173@s.whatsapp.net',
    fromMe: false,
    id: '3EB0C9E79CC768D72F6752',
    participant: undefined
  },
  messageTimestamp: 1721171239,
  pushName: 'Mariana Rangel',
  broadcast: false,
  message: Message {
    conversation: 'sws',
    messageContextInfo: MessageContextInfo {
      deviceListMetadata: [DeviceListMetadata],
      deviceListMetadataVersion: 2
    }
  },
  body: 'sws',
  from: '5214271325173'
}
[QUEUE_SE_ENVIO]:  {
  ref: 'ans_d6ee239a-bc33-474b-9a8f-6cdffe85364f',
  keyword: 'ans_4a2866fd-337d-4e8a-bc65-cae397f86210',
  answer: '__capture_only_intended__',
  options: {
    media: null,
    buttons: [],
    capture: true,
    child: null,
    delay: 0,
    idle: null,
    ref: null,
    nested: [],
    keyword: {},
    callback: true
  },
  refSerialize: 'cd68baf9febc0f7de317eb98aff5d2e5'
}
[handleMsg]:  {
  key: {
    remoteJid: '5214271325173@s.whatsapp.net',
    fromMe: false,
    id: '3EB0A1C4E5CA74EB09C78F',
    participant: undefined
  },
  messageTimestamp: 1721171241,
  pushName: 'Mariana Rangel',
  broadcast: false,
  message: Message {
    conversation: 'qswqw',
    messageContextInfo: MessageContextInfo {
      deviceListMetadata: [DeviceListMetadata],
      deviceListMetadataVersion: 2
    }
  },
  body: 'qswqw',
  from: '5214271325173'
}
[QUEUE_SE_ENVIO]:  {
  ref: 'ans_09176b11-33d4-4864-bd84-7b8f61af8585',
  keyword: 'ans_d6ee239a-bc33-474b-9a8f-6cdffe85364f',
  answer: '__capture_only_intended__',
  options: {
    media: null,
    buttons: [],
    capture: true,
    child: null,
    delay: 0,
    idle: null,
    ref: null,
    nested: [],
    keyword: {},
    callback: true
  },
  refSerialize: 'ec7eca23c2c57ecc7aaf5cce106a5d23'
}
[handleMsg]:  {
  key: {
    remoteJid: '5214271325173@s.whatsapp.net',
    fromMe: false,
    id: '3EB01DB42256F02225662F',
    participant: undefined
  },
  messageTimestamp: 1721171248,
  pushName: 'Mariana Rangel',
  broadcast: false,
  message: Message {
    conversation: 'wdwedewdwedwedw',
    messageContextInfo: MessageContextInfo {
      deviceListMetadata: [DeviceListMetadata],
      deviceListMetadataVersion: 2
    }
  },
  body: 'wdwedewdwedwedw',
  from: '5214271325173'
}
[handleMsg]:  {
  key: {
    remoteJid: '5214271325173@s.whatsapp.net',
    fromMe: false,
    id: '3EB0255A81B5101ADFCB66',
    participant: undefined
  },
  messageTimestamp: 1721171253,
  pushName: 'Mariana Rangel',
  broadcast: false,
  message: Message {
    conversation: 'menu',
    messageContextInfo: MessageContextInfo {
      deviceListMetadata: [DeviceListMetadata],
      deviceListMetadataVersion: 2
    }
  },
  body: 'menu',
  from: '5214271325173'
}
[QUEUE_SE_ENVIO]:  {
  ref: 'ans_78c5e757-5580-4efe-b35e-ee8968c05c06',
  keyword: 'key_3d7c904d-f8ce-48dc-b1a5-a9408dca497c',
  answer: 'Este es el menu de opciones \n' +
    '\n' +
    '1. Cotizar destino *nacional* ✈️🌎 \n' +
    '2. Cotizar destino *internacional* 🌏✈️\n' +
    '3. Cotizar otros servicios 🚎 \n' +
    '4. Cambios en mi reserva ⏱️\n' +
    '5. Estado de mi adeudo ✅\n' +
    '6. Reembolsos ⬅️\n' +
    '7. Facturación 📄\n' +
    '8. Tu Visa Americana con TravelMR 🇺🇸\n' +
    '9. Tu Visa Canadiense con TravelMR 🇨🇦\n' +
    '  10. Vuelos ✈️↔️\n' +
    ' 11. Salir\n' +
    '\n' +
    '*Por favor ingresa una opcion acorde a su número* \n' +
    '\n' +
    'Por ejemplo: *1*',
  options: {
    media: null,
    buttons: [],
    capture: true,
    child: null,
    delay: 0,
    idle: null,
    ref: null,
    nested: [],
    keyword: {},
    callback: true
  },
  refSerialize: 'aad6d478d541dbbb3c09bfd0a5a507ae'
}
[handleMsg]:  {
  key: {
    remoteJid: '5214271325173@s.whatsapp.net',
    fromMe: false,
    id: '3EB0202BA82C319B4F4096',
    participant: undefined
  },
  messageTimestamp: 1721171262,
  pushName: 'Mariana Rangel',
  broadcast: false,
  message: Message {
    conversation: '6',
    messageContextInfo: MessageContextInfo {
      deviceListMetadata: [DeviceListMetadata],
      deviceListMetadataVersion: 2
    }
  },
  body: '6',
  from: '5214271325173'
}
[handleMsg]:  {
  key: {
    remoteJid: '5214271325173@s.whatsapp.net',
    fromMe: false,
    id: '3EB08AF3248A8F4B272296',
    participant: undefined
  },
  messageTimestamp: 1721171265,
  pushName: 'Mariana Rangel',
  broadcast: false,
  message: Message {
    conversation: 'qwq',
    messageContextInfo: MessageContextInfo {
      deviceListMetadata: [DeviceListMetadata],
      deviceListMetadataVersion: 2
    }
  },
  body: 'qwq',
  from: '5214271325173'
}
[QUEUE_SE_ENVIO]:  {
  ref: 'ans_80a43a8e-202b-4599-a8fa-1420bf6c4740',
  keyword: 'ans_6fbe2fe0-f6d4-4361-9a46-8bd8978143aa',
  answer: '__capture_only_intended__',
  options: {
    media: null,
    buttons: [],
    capture: true,
    child: null,
    delay: 0,
    idle: null,
    ref: null,
    nested: [],
    keyword: {},
    callback: true
  },
  refSerialize: 'e749839a2adc7b012f303cba497dc906'
}
[handleMsg]:  {
  key: {
    remoteJid: '5214271325173@s.whatsapp.net',
    fromMe: false,
    id: '3EB0B4A662AD573AB6B941',
    participant: undefined
  },
  messageTimestamp: 1721171266,
  pushName: 'Mariana Rangel',
  broadcast: false,
  message: Message {
    conversation: 'sqwsqsq',
    messageContextInfo: MessageContextInfo {
      deviceListMetadata: [DeviceListMetadata],
      deviceListMetadataVersion: 2
    }
  },
  body: 'sqwsqsq',
  from: '5214271325173'
}
[QUEUE_SE_ENVIO]:  {
  ref: 'ans_c9e3a148-039d-418d-8a02-fd41a8f64469',
  keyword: 'ans_80a43a8e-202b-4599-a8fa-1420bf6c4740',
  answer: '__capture_only_intended__',
  options: {
    media: null,
    buttons: [],
    capture: true,
    child: null,
    delay: 0,
    idle: null,
    ref: null,
    nested: [],
    keyword: {},
    callback: true
  },
  refSerialize: 'f64c42c2a5bc48b1f1de6ef26badeed2'
}
[handleMsg]:  {
  key: {
    remoteJid: '5214271325173@s.whatsapp.net',
    fromMe: false,
    id: '3EB07287F33585F7B15407',
    participant: undefined
  },
  messageTimestamp: 1721171269,
  pushName: 'Mariana Rangel',
  broadcast: false,
  message: Message {
    conversation: 'sqwsqsq',
    messageContextInfo: MessageContextInfo {
      deviceListMetadata: [DeviceListMetadata],
      deviceListMetadataVersion: 2
    }
  },
  body: 'sqwsqsq',
  from: '5214271325173'
}
[handleMsg]:  {
  key: {
    remoteJid: '5214271325173@s.whatsapp.net',
    fromMe: false,
    id: '3EB08E8C13B35262D98484',
    participant: undefined
  },
  messageTimestamp: 1721171272,
  pushName: 'Mariana Rangel',
  broadcast: false,
  message: Message {
    conversation: 'menu',
    messageContextInfo: MessageContextInfo {
      deviceListMetadata: [DeviceListMetadata],
      deviceListMetadataVersion: 2
    }
  },
  body: 'menu',
  from: '5214271325173'
}
[QUEUE_SE_ENVIO]:  {
  ref: 'ans_78c5e757-5580-4efe-b35e-ee8968c05c06',
  keyword: 'key_3d7c904d-f8ce-48dc-b1a5-a9408dca497c',
  answer: 'Este es el menu de opciones \n' +
    '\n' +
    '1. Cotizar destino *nacional* ✈️🌎 \n' +
    '2. Cotizar destino *internacional* 🌏✈️\n' +
    '3. Cotizar otros servicios 🚎 \n' +
    '4. Cambios en mi reserva ⏱️\n' +
    '5. Estado de mi adeudo ✅\n' +
    '6. Reembolsos ⬅️\n' +
    '7. Facturación 📄\n' +
    '8. Tu Visa Americana con TravelMR 🇺🇸\n' +
    '9. Tu Visa Canadiense con TravelMR 🇨🇦\n' +
    '  10. Vuelos ✈️↔️\n' +
    ' 11. Salir\n' +
    '\n' +
    '*Por favor ingresa una opcion acorde a su número* \n' +
    '\n' +
    'Por ejemplo: *1*',
  options: {
    media: null,
    buttons: [],
    capture: true,
    child: null,
    delay: 0,
    idle: null,
    ref: null,
    nested: [],
    keyword: {},
    callback: true
  },
  refSerialize: 'aad6d478d541dbbb3c09bfd0a5a507ae'
}
[handleMsg]:  {
  key: {
    remoteJid: '5214271325173@s.whatsapp.net',
    fromMe: false,
    id: '3EB0631B929F976DCE751D',
    participant: undefined
  },
  messageTimestamp: 1721171274,
  pushName: 'Mariana Rangel',
  broadcast: false,
  message: Message {
    conversation: '7',
    messageContextInfo: MessageContextInfo {
      deviceListMetadata: [DeviceListMetadata],
      deviceListMetadataVersion: 2
    }
  },
  body: '7',
  from: '5214271325173'
}
[handleMsg]:  {
  key: {
    remoteJid: '5214271325173@s.whatsapp.net',
    fromMe: false,
    id: '3EB09BA169FE25520C1526',
    participant: undefined
  },
  messageTimestamp: 1721171276,
  pushName: 'Mariana Rangel',
  broadcast: false,
  message: Message {
    conversation: 'dwdwe',
    messageContextInfo: MessageContextInfo {
      deviceListMetadata: [DeviceListMetadata],
      deviceListMetadataVersion: 2
    }
  },
  body: 'dwdwe',
  from: '5214271325173'
}
[QUEUE_SE_ENVIO]:  {
  ref: 'ans_866fe371-7b52-4a01-9817-e661cb179799',
  keyword: 'ans_1f9b69da-f6ed-4ce2-81eb-11558df6fcda',
  answer: '__capture_only_intended__',
  options: {
    media: null,
    buttons: [],
    capture: true,
    child: null,
    delay: 0,
    idle: null,
    ref: null,
    nested: [],
    keyword: {},
    callback: true
  },
  refSerialize: '4c08d16c49f1dc6212127fa48bd3eb16'
}
[handleMsg]:  {
  key: {
    remoteJid: '5214271325173@s.whatsapp.net',
    fromMe: false,
    id: '3EB05305E124630D483110',
    participant: undefined
  },
  messageTimestamp: 1721171278,
  pushName: 'Mariana Rangel',
  broadcast: false,
  message: Message {
    conversation: 'dwedewdwdew',
    messageContextInfo: MessageContextInfo {
      deviceListMetadata: [DeviceListMetadata],
      deviceListMetadataVersion: 2
    }
  },
  body: 'dwedewdwdew',
  from: '5214271325173'
}
[QUEUE_SE_ENVIO]:  {
  ref: 'ans_5a425f27-7efb-4971-a09b-a223c9b7d205',
  keyword: 'ans_866fe371-7b52-4a01-9817-e661cb179799',
  answer: '__capture_only_intended__',
  options: {
    media: null,
    buttons: [],
    capture: true,
    child: null,
    delay: 0,
    idle: null,
    ref: null,
    nested: [],
    keyword: {},
    callback: true
  },
  refSerialize: 'da0a87c01cdf1254d514231e7480a9ce'
}
[handleMsg]:  {
  key: {
    remoteJid: '5214271325173@s.whatsapp.net',
    fromMe: false,
    id: '3EB0C7034FC08AF78DC14B',
    participant: undefined
  },
  messageTimestamp: 1721171279,
  pushName: 'Mariana Rangel',
  broadcast: false,
  message: Message {
    conversation: 'dwdwdwdwedw',
    messageContextInfo: MessageContextInfo {
      deviceListMetadata: [DeviceListMetadata],
      deviceListMetadataVersion: 2
    }
  },
  body: 'dwdwdwdwedw',
  from: '5214271325173'
}
[handleMsg]:  {
  key: {
    remoteJid: '5214271325173@s.whatsapp.net',
    fromMe: false,
    id: '3EB01881BAB337FF300DEC',
    participant: undefined
  },
  messageTimestamp: 1721171280,
  pushName: 'Mariana Rangel',
  broadcast: false,
  message: Message {
    conversation: 'wedwdwedwed',
    messageContextInfo: MessageContextInfo {
      deviceListMetadata: [DeviceListMetadata],
      deviceListMetadataVersion: 2
    }
  },
  body: 'wedwdwedwed',
  from: '5214271325173'
}
[QUEUE_SE_ENVIO]:  {
  ref: 'ans_380fd515-8007-44d4-ae36-178b9ad89abc',
  keyword: 'key_bb8ecc0a-98ba-42e1-a9ac-99b53e3f9e74',
  answer: '❤️ *¡Hola Viajero!* ❤️\n' +
    '\n' +
    'Soy el Chatbot de TravelMR, es un placer tenerte con nosotros. 🫶 \n' +
    '\n' +
    'Puedes ver nuestra cartelera de viajes ingresando en el siguiente enlace \n' +
    '-> https://travelmr.com.mx/view/viajes \n' +
    '\n' +
    'Si deseas ver el menú de opciones de este chatbot escribe la palabra: *MENÚ*',
  options: {
    media: null,
    buttons: [],
    capture: false,
    child: null,
    delay: 0,
    idle: null,
    ref: null,
    nested: [],
    keyword: {},
    callback: false
  },
  refSerialize: '726b31e810b61dec89126c06e8f0bb9c'
}
[handleMsg]:  {
  key: {
    remoteJid: '5214271325173@s.whatsapp.net',
    fromMe: false,
    id: '3EB037EBB04D2B47ADB812',
    participant: undefined
  },
  messageTimestamp: 1721171283,
  pushName: 'Mariana Rangel',
  broadcast: false,
  message: Message {
    conversation: 'menu',
    messageContextInfo: MessageContextInfo {
      deviceListMetadata: [DeviceListMetadata],
      deviceListMetadataVersion: 2
    }
  },
  body: 'menu',
  from: '5214271325173'
}
[QUEUE_SE_ENVIO]:  {
  ref: 'ans_78c5e757-5580-4efe-b35e-ee8968c05c06',
  keyword: 'key_3d7c904d-f8ce-48dc-b1a5-a9408dca497c',
  answer: 'Este es el menu de opciones \n' +
    '\n' +
    '1. Cotizar destino *nacional* ✈️🌎 \n' +
    '2. Cotizar destino *internacional* 🌏✈️\n' +
    '3. Cotizar otros servicios 🚎 \n' +
    '4. Cambios en mi reserva ⏱️\n' +
    '5. Estado de mi adeudo ✅\n' +
    '6. Reembolsos ⬅️\n' +
    '7. Facturación 📄\n' +
    '8. Tu Visa Americana con TravelMR 🇺🇸\n' +
    '9. Tu Visa Canadiense con TravelMR 🇨🇦\n' +
    '  10. Vuelos ✈️↔️\n' +
    ' 11. Salir\n' +
    '\n' +
    '*Por favor ingresa una opcion acorde a su número* \n' +
    '\n' +
    'Por ejemplo: *1*',
  options: {
    media: null,
    buttons: [],
    capture: true,
    child: null,
    delay: 0,
    idle: null,
    ref: null,
    nested: [],
    keyword: {},
    callback: true
  },
  refSerialize: 'aad6d478d541dbbb3c09bfd0a5a507ae'
}
[handleMsg]:  {
  key: {
    remoteJid: '5214271325173@s.whatsapp.net',
    fromMe: false,
    id: '3EB072408362969C9DE00E',
    participant: undefined
  },
  messageTimestamp: 1721171289,
  pushName: 'Mariana Rangel',
  broadcast: false,
  message: Message {
    conversation: '10',
    messageContextInfo: MessageContextInfo {
      deviceListMetadata: [DeviceListMetadata],
      deviceListMetadataVersion: 2
    }
  },
  body: '10',
  from: '5214271325173'
}
[handleMsg]:  {
  key: {
    remoteJid: '5214271325173@s.whatsapp.net',
    fromMe: false,
    id: '3EB04404AA37FF713E8D20',
    participant: undefined
  },
  messageTimestamp: 1721171337,
  pushName: 'Mariana Rangel',
  broadcast: false,
  message: Message {
    conversation: 'Misaelmmm',
    messageContextInfo: MessageContextInfo {
      deviceListMetadata: [DeviceListMetadata],
      deviceListMetadataVersion: 2
    }
  },
  body: 'Misaelmmm',
  from: '5214271325173'
}
[QUEUE_SE_ENVIO]:  {
  ref: 'ans_a21dc299-73ee-4e09-8aa3-039760d6e855',
  keyword: 'ans_4753e788-8236-43ad-9911-9efd41da0509',
  answer: '__capture_only_intended__',
  options: {
    media: null,
    buttons: [],
    capture: true,
    child: null,
    delay: 0,
    idle: null,
    ref: null,
    nested: [],
    keyword: {},
    callback: true
  },
  refSerialize: '239d7682e8f9b18351251bbcbe3d7952'
}
[handleMsg]:  {
  key: {
    remoteJid: '5214271325173@s.whatsapp.net',
    fromMe: false,
    id: '3EB00971EF181AC797D514',
    participant: undefined
  },
  messageTimestamp: 1721171341,
  pushName: 'Mariana Rangel',
  broadcast: false,
  message: Message {
    conversation: 'jhgfdxfghjk',
    messageContextInfo: MessageContextInfo {
      deviceListMetadata: [DeviceListMetadata],
      deviceListMetadataVersion: 2
    }
  },
  body: 'jhgfdxfghjk',
  from: '5214271325173'
}
[QUEUE_SE_ENVIO]:  {
  ref: 'ans_51043513-5921-43dd-abef-057add97edec',
  keyword: 'ans_a21dc299-73ee-4e09-8aa3-039760d6e855',
  answer: '__capture_only_intended__',
  options: {
    media: null,
    buttons: [],
    capture: true,
    child: null,
    delay: 0,
    idle: null,
    ref: null,
    nested: [],
    keyword: {},
    callback: true
  },
  refSerialize: '57a65c0b9865afeea22276af785083c6'
}
[handleMsg]:  {
  key: {
    remoteJid: '5214271325173@s.whatsapp.net',
    fromMe: false,
    id: '3EB0DA4C078E98B4B85F5A',
    participant: undefined
  },
  messageTimestamp: 1721171357,
  pushName: 'Mariana Rangel',
  broadcast: false,
  message: Message {
    conversation: 'sencillo',
    messageContextInfo: MessageContextInfo {
      deviceListMetadata: [DeviceListMetadata],
      deviceListMetadataVersion: 2
    }
  },
  body: 'sencillo',
  from: '5214271325173'
}
[QUEUE_SE_ENVIO]:  {
  ref: 'ans_c122896f-42fd-4709-ae5d-2facfe5753b4',
  keyword: 'ans_51043513-5921-43dd-abef-057add97edec',
  answer: '__capture_only_intended__',
  options: {
    media: null,
    buttons: [],
    capture: true,
    child: null,
    delay: 0,
    idle: null,
    ref: null,
    nested: [],
    keyword: {},
    callback: true
  },
  refSerialize: '0fce3cd093815791ac9030cfd066787a'
}
[handleMsg]:  {
  key: {
    remoteJid: '5214271325173@s.whatsapp.net',
    fromMe: false,
    id: '3EB02354C4FE0C9CE10682',
    participant: undefined
  },
  messageTimestamp: 1721171378,
  pushName: 'Mariana Rangel',
  broadcast: false,
  message: Message {
    conversation: '12 de feb',
    messageContextInfo: MessageContextInfo {
      deviceListMetadata: [DeviceListMetadata],
      deviceListMetadataVersion: 2
    }
  },
  body: '12 de feb',
  from: '5214271325173'
}
[QUEUE_SE_ENVIO]:  {
  ref: 'ans_29bf02dc-bd38-4173-8fd7-f04a4d17dcfa',
  keyword: 'ans_c122896f-42fd-4709-ae5d-2facfe5753b4',
  answer: '__capture_only_intended__',
  options: {
    media: null,
    buttons: [],
    capture: true,
    child: null,
    delay: 0,
    idle: null,
    ref: null,
    nested: [],
    keyword: {},
    callback: true
  },
  refSerialize: '143b713eecf95fed4e45534d90b10a5d'
}
[handleMsg]:  {
  key: {
    remoteJid: '5214271325173@s.whatsapp.net',
    fromMe: false,
    id: '3EB0790D63B17651AE0E7F',
    participant: undefined
  },
  messageTimestamp: 1721171382,
  pushName: 'Mariana Rangel',
  broadcast: false,
  message: Message {
    conversation: '2',
    messageContextInfo: MessageContextInfo {
      deviceListMetadata: [DeviceListMetadata],
      deviceListMetadataVersion: 2
    }
  },
  body: '2',
  from: '5214271325173'
}
[QUEUE_SE_ENVIO]:  {
  ref: 'ans_94b285ec-4814-4e4a-9166-6719a1cc171e',
  keyword: 'ans_29bf02dc-bd38-4173-8fd7-f04a4d17dcfa',
  answer: '__capture_only_intended__',
  options: {
    media: null,
    buttons: [],
    capture: true,
    child: null,
    delay: 0,
    idle: null,
    ref: null,
    nested: [],
    keyword: {},
    callback: true
  },
  refSerialize: '4869f308ff4f950f448b9c0284ef9025'
}
[handleMsg]:  {
  key: {
    remoteJid: '5214271325173@s.whatsapp.net',
    fromMe: false,
    id: '3EB04C6CDC291AEFC7B252',
    participant: undefined
  },
  messageTimestamp: 1721171391,
  pushName: 'Mariana Rangel',
  broadcast: false,
  message: Message {
    conversation: '12',
    messageContextInfo: MessageContextInfo {
      deviceListMetadata: [DeviceListMetadata],
      deviceListMetadataVersion: 2
    }
  },
  body: '12',
  from: '5214271325173'
}
[QUEUE_SE_ENVIO]:  {
  ref: 'ans_d9f92f36-e4de-4701-974c-76921c2f5437',
  keyword: 'ans_94b285ec-4814-4e4a-9166-6719a1cc171e',
  answer: '__call_action__',
  options: {
    media: null,
    buttons: [],
    capture: false,
    child: null,
    delay: 0,
    idle: null,
    ref: null,
    nested: [],
    keyword: {},
    callback: true
  },
  refSerialize: '1e6ecb22b98bc8abaa47be77bbf96b86'
}
[handleMsg]:  {
  key: {
    remoteJid: '5214271325173@s.whatsapp.net',
    fromMe: false,
    id: '3EB0EB8C1E2D58FDBDB6B7',
    participant: undefined
  },
  messageTimestamp: 1721171402,
  pushName: 'Mariana Rangel',
  broadcast: false,
  message: Message {
    conversation: 'menu',
    messageContextInfo: MessageContextInfo {
      deviceListMetadata: [DeviceListMetadata],
      deviceListMetadataVersion: 2
    }
  },
  body: 'menu',
  from: '5214271325173'
}
[QUEUE_SE_ENVIO]:  {
  ref: 'ans_78c5e757-5580-4efe-b35e-ee8968c05c06',
  keyword: 'key_3d7c904d-f8ce-48dc-b1a5-a9408dca497c',
  answer: 'Este es el menu de opciones \n' +
    '\n' +
    '1. Cotizar destino *nacional* ✈️🌎 \n' +
    '2. Cotizar destino *internacional* 🌏✈️\n' +
    '3. Cotizar otros servicios 🚎 \n' +
    '4. Cambios en mi reserva ⏱️\n' +
    '5. Estado de mi adeudo ✅\n' +
    '6. Reembolsos ⬅️\n' +
    '7. Facturación 📄\n' +
    '8. Tu Visa Americana con TravelMR 🇺🇸\n' +
    '9. Tu Visa Canadiense con TravelMR 🇨🇦\n' +
    '  10. Vuelos ✈️↔️\n' +
    ' 11. Salir\n' +
    '\n' +
    '*Por favor ingresa una opcion acorde a su número* \n' +
    '\n' +
    'Por ejemplo: *1*',
  options: {
    media: null,
    buttons: [],
    capture: true,
    child: null,
    delay: 0,
    idle: null,
    ref: null,
    nested: [],
    keyword: {},
    callback: true
  },
  refSerialize: 'aad6d478d541dbbb3c09bfd0a5a507ae'
}
[handleMsg]:  {
  key: {
    remoteJid: '5214271958478@s.whatsapp.net',
    fromMe: false,
    id: 'FFFB9FDC2E3B222885C97F4C29CE5E3F',
    participant: undefined
  },
  messageTimestamp: 1721171949,
  pushName: 'Faby',
  broadcast: false,
  message: Message {
    videoMessage: VideoMessage {
      interactiveAnnotations: [],
      url: 'https://mmg.whatsapp.net/v/t62.7161-24/35378012_817213440504416_9071687897556587476_n.enc?ccb=11-4&oh=01_Q5AaIMIzZ2sXfbPEJfWNFrmcrlndwohaa2XmLzjqi9_ATMnG&oe=66BE555E&_nc_sid=5e03e0&mms3=true',
      mimetype: 'video/mp4',
      fileSha256: [Uint8Array],
      fileLength: [Long],
      seconds: 28,
      mediaKey: [Uint8Array],
      height: 848,
      width: 464,
      fileEncSha256: [Uint8Array],
      directPath: '/v/t62.7161-24/35378012_817213440504416_9071687897556587476_n.enc?ccb=11-4&oh=01_Q5AaIMIzZ2sXfbPEJfWNFrmcrlndwohaa2XmLzjqi9_ATMnG&oe=66BE555E&_nc_sid=5e03e0&_nc_hot=1721171949',
      mediaKeyTimestamp: [Long],
      jpegThumbnail: [Uint8Array],
      contextInfo: [ContextInfo]
    },
    messageContextInfo: MessageContextInfo {
      deviceListMetadata: [DeviceListMetadata],
      deviceListMetadataVersion: 2
    }
  },
  body: '_event_media__9ba52f92-c3d4-406b-a0f6-6b459e767cff',
  from: '5214271958478'
}
[handleMsg]:  {
  key: {
    remoteJid: '5214271958478@s.whatsapp.net',
    fromMe: false,
    id: '6D3DBCE96F48B957C9EB9C925E2D1D89',
    participant: undefined
  },
  messageTimestamp: 1721172143,
  pushName: 'Faby',
  broadcast: false,
  message: Message {
    conversation: 'Y por aquí por la casa está pasando toda la circulación hay un montón de carros',
    messageContextInfo: MessageContextInfo {
      deviceListMetadata: [DeviceListMetadata],
      deviceListMetadataVersion: 2
    }
  },
  body: 'Y por aquí por la casa está pasando toda la circulación hay un montón de carros',
  from: '5214271958478'
}
[QUEUE_SE_ENVIO]:  {
  ref: 'ans_380fd515-8007-44d4-ae36-178b9ad89abc',
  keyword: 'key_bb8ecc0a-98ba-42e1-a9ac-99b53e3f9e74',
  answer: '❤️ *¡Hola Viajero!* ❤️\n' +
    '\n' +
    'Soy el Chatbot de TravelMR, es un placer tenerte con nosotros. 🫶 \n' +
    '\n' +
    'Puedes ver nuestra cartelera de viajes ingresando en el siguiente enlace \n' +
    '-> https://travelmr.com.mx/view/viajes \n' +
    '\n' +
    'Si deseas ver el menú de opciones de este chatbot escribe la palabra: *MENÚ*',
  options: {
    media: null,
    buttons: [],
    capture: false,
    child: null,
    delay: 0,
    idle: null,
    ref: null,
    nested: [],
    keyword: {},
    callback: false
  },
  refSerialize: '726b31e810b61dec89126c06e8f0bb9c'
}
