5214271325173:ENCOLADO ans_380fd515-8007-44d4-ae36-178b9ad89abc
EJECUTANDO:ans_380fd515-8007-44d4-ae36-178b9ad89abc
5214271325173:SUCCESS
5214271325173:ENCOLADO ans_78c5e757-5580-4efe-b35e-ee8968c05c06
EJECUTANDO:ans_78c5e757-5580-4efe-b35e-ee8968c05c06
5214271325173:SUCCESS
5214271325173:ENCOLADO ans_27278c45-73f6-447a-b19b-2c7568da936f
EJECUTANDO:ans_27278c45-73f6-447a-b19b-2c7568da936f
5214271325173:SUCCESS
5214271325173:ENCOLADO ans_ceaaa950-6f3d-40b2-83ae-528ee9447670
EJECUTANDO:ans_ceaaa950-6f3d-40b2-83ae-528ee9447670
5214271325173:SUCCESS
5214271325173:ENCOLADO ans_dc16933d-9d7b-4187-a7e9-3d60ef563834
EJECUTANDO:ans_dc16933d-9d7b-4187-a7e9-3d60ef563834
5214271325173:SUCCESS
5214271325173:ENCOLADO ans_78c5e757-5580-4efe-b35e-ee8968c05c06
EJECUTANDO:ans_78c5e757-5580-4efe-b35e-ee8968c05c06
5214271325173:SUCCESS
5214271325173:ENCOLADO ans_e37f411d-fa1e-43b5-958c-2c6e2cd36293
EJECUTANDO:ans_e37f411d-fa1e-43b5-958c-2c6e2cd36293
5214271325173:SUCCESS
5214271325173:ENCOLADO ans_a0e9919d-49fc-4216-8d6b-5e6606de3eb6
EJECUTANDO:ans_a0e9919d-49fc-4216-8d6b-5e6606de3eb6
5214271325173:SUCCESS
5214271325173:ENCOLADO ans_809e9c9d-361e-4d8b-9282-c070876d0157
EJECUTANDO:ans_809e9c9d-361e-4d8b-9282-c070876d0157
5214271325173:SUCCESS
5214271325173:ENCOLADO ans_78c5e757-5580-4efe-b35e-ee8968c05c06
EJECUTANDO:ans_78c5e757-5580-4efe-b35e-ee8968c05c06
5214271325173:SUCCESS
5214271325173:ENCOLADO ans_491d4e97-c51a-4547-a316-d798725518b2
EJECUTANDO:ans_491d4e97-c51a-4547-a316-d798725518b2
5214271325173:SUCCESS
5214271325173:ENCOLADO ans_75af055c-f812-4b0c-b088-2ade4bcc00f5
EJECUTANDO:ans_75af055c-f812-4b0c-b088-2ade4bcc00f5
5214271325173:SUCCESS
5214271325173:ENCOLADO ans_69765970-159f-488a-bb5b-bb77f76c59c5
EJECUTANDO:ans_69765970-159f-488a-bb5b-bb77f76c59c5
5214271325173:SUCCESS
5214271325173:ENCOLADO ans_78c5e757-5580-4efe-b35e-ee8968c05c06
EJECUTANDO:ans_78c5e757-5580-4efe-b35e-ee8968c05c06
5214271325173:SUCCESS
5214271325173:ENCOLADO ans_c34b909b-1919-41dc-8c71-11a0f529370c
EJECUTANDO:ans_c34b909b-1919-41dc-8c71-11a0f529370c
5214271325173:SUCCESS
5214271325173:ENCOLADO ans_78c5e757-5580-4efe-b35e-ee8968c05c06
EJECUTANDO:ans_78c5e757-5580-4efe-b35e-ee8968c05c06
5214271325173:SUCCESS
5214271325173:ENCOLADO ans_866fe371-7b52-4a01-9817-e661cb179799
EJECUTANDO:ans_866fe371-7b52-4a01-9817-e661cb179799
5214271325173:SUCCESS
5214271325173:ENCOLADO ans_5a425f27-7efb-4971-a09b-a223c9b7d205
EJECUTANDO:ans_5a425f27-7efb-4971-a09b-a223c9b7d205
5214271325173:SUCCESS
5214271325173:ENCOLADO ans_78c5e757-5580-4efe-b35e-ee8968c05c06
EJECUTANDO:ans_78c5e757-5580-4efe-b35e-ee8968c05c06
5214271325173:SUCCESS
5214271325173:ENCOLADO ans_b0933c5d-6b3c-4159-9dea-6ccbff08af12
EJECUTANDO:ans_b0933c5d-6b3c-4159-9dea-6ccbff08af12
5214271325173:SUCCESS
5214271325173:ENCOLADO ans_1ef2b4ad-af4a-4f33-9632-7da17b66457d
EJECUTANDO:ans_1ef2b4ad-af4a-4f33-9632-7da17b66457d
5214271325173:SUCCESS
5214271325173:ENCOLADO ans_2da56d1c-f2b9-4df2-bc73-1cc6a979eb95
EJECUTANDO:ans_2da56d1c-f2b9-4df2-bc73-1cc6a979eb95
5214271325173:SUCCESS
5214271325173:ENCOLADO ans_815ca5f0-6190-4d9a-ace1-eb8eb6e7dbb6
EJECUTANDO:ans_815ca5f0-6190-4d9a-ace1-eb8eb6e7dbb6
5214271325173:SUCCESS
5214271325173:ENCOLADO ans_2b169c64-67ca-4fac-aa90-23b9140ccf48
EJECUTANDO:ans_2b169c64-67ca-4fac-aa90-23b9140ccf48
5214271325173:SUCCESS
5214271325173:ENCOLADO ans_78c5e757-5580-4efe-b35e-ee8968c05c06
EJECUTANDO:ans_78c5e757-5580-4efe-b35e-ee8968c05c06
5214271325173:SUCCESS
5214271325173:ENCOLADO ans_0ff81949-9848-42cf-82c9-5d0724daf4ba
EJECUTANDO:ans_0ff81949-9848-42cf-82c9-5d0724daf4ba
5214271325173:SUCCESS
5214271325173:ENCOLADO ans_d0aa2335-15c5-404c-9993-a4d8971cbf90
EJECUTANDO:ans_d0aa2335-15c5-404c-9993-a4d8971cbf90
5214271325173:SUCCESS
5214271325173:ENCOLADO ans_bd65399d-4bf4-4d75-9409-c906a1b49ace
EJECUTANDO:ans_bd65399d-4bf4-4d75-9409-c906a1b49ace
5214271325173:SUCCESS
5214271325173:ENCOLADO ans_4fd97855-2347-41ea-af57-0e38078b3c44
EJECUTANDO:ans_4fd97855-2347-41ea-af57-0e38078b3c44
5214271325173:SUCCESS
5214271325173:ENCOLADO ans_dbb4db02-d683-401a-8d56-7aaa886a8252
EJECUTANDO:ans_dbb4db02-d683-401a-8d56-7aaa886a8252
5214271325173:SUCCESS
5214271325173:ENCOLADO ans_bc0abbd5-82a6-447b-ae05-818c5b1efb9e
EJECUTANDO:ans_bc0abbd5-82a6-447b-ae05-818c5b1efb9e
5214271325173:SUCCESS
5214271325173:ENCOLADO ans_78c5e757-5580-4efe-b35e-ee8968c05c06
EJECUTANDO:ans_78c5e757-5580-4efe-b35e-ee8968c05c06
5214271325173:SUCCESS
5214271325173:ENCOLADO ans_bb645a2e-94c2-416e-8a08-8b62eec68b67
EJECUTANDO:ans_bb645a2e-94c2-416e-8a08-8b62eec68b67
5214271325173:SUCCESS
5214271325173:ENCOLADO ans_f46ffedc-e670-4b4e-9e31-a5ff98436988
EJECUTANDO:ans_f46ffedc-e670-4b4e-9e31-a5ff98436988
5214271325173:SUCCESS
5214271325173:ENCOLADO ans_1baf2dc5-88d5-454d-a834-8d9eab69b78f
EJECUTANDO:ans_1baf2dc5-88d5-454d-a834-8d9eab69b78f
5214271325173:SUCCESS
5214271325173:ENCOLADO ans_78c5e757-5580-4efe-b35e-ee8968c05c06
EJECUTANDO:ans_78c5e757-5580-4efe-b35e-ee8968c05c06
5214271325173:SUCCESS
5214271325173:ENCOLADO ans_39138c8e-f068-46fb-adcd-bb39f78676cf
EJECUTANDO:ans_39138c8e-f068-46fb-adcd-bb39f78676cf
5214271325173:SUCCESS
5214271325173:ENCOLADO ans_029fdbc0-690d-4ad0-ba14-4be8b1e795a3
EJECUTANDO:ans_029fdbc0-690d-4ad0-ba14-4be8b1e795a3
5214271325173:SUCCESS
5214271325173:ENCOLADO ans_c2eaf7f9-6f27-4cb5-96d5-27307a70b1df
EJECUTANDO:ans_c2eaf7f9-6f27-4cb5-96d5-27307a70b1df
5214271325173:SUCCESS
5214271325173:ENCOLADO ans_78c5e757-5580-4efe-b35e-ee8968c05c06
EJECUTANDO:ans_78c5e757-5580-4efe-b35e-ee8968c05c06
5214271325173:SUCCESS
5214271325173:ENCOLADO ans_9a46cecc-4239-4aeb-88e6-7487ca2ade94
EJECUTANDO:ans_9a46cecc-4239-4aeb-88e6-7487ca2ade94
5214271325173:SUCCESS
5214271325173:ENCOLADO ans_b433568a-1ea5-4c5c-9ed3-1943d4a4bfa4
EJECUTANDO:ans_b433568a-1ea5-4c5c-9ed3-1943d4a4bfa4
5214271325173:SUCCESS
5214271325173:ENCOLADO ans_83e74dd7-b3d2-4388-9c4b-1078eacce1b0
EJECUTANDO:ans_83e74dd7-b3d2-4388-9c4b-1078eacce1b0
5214271325173:SUCCESS
5214271325173:ENCOLADO ans_78c5e757-5580-4efe-b35e-ee8968c05c06
EJECUTANDO:ans_78c5e757-5580-4efe-b35e-ee8968c05c06
5214271325173:SUCCESS
5214271325173:ENCOLADO ans_885b8c54-1fb4-46bd-851f-431ef9e507a3
EJECUTANDO:ans_885b8c54-1fb4-46bd-851f-431ef9e507a3
5214271325173:SUCCESS
5214271325173:ENCOLADO ans_0ad85925-9c0b-4555-9995-104fb33ec69b
EJECUTANDO:ans_0ad85925-9c0b-4555-9995-104fb33ec69b
5214271325173:SUCCESS
5214271325173:ENCOLADO ans_9efc7850-3c2b-4306-807a-40a02da5731c
EJECUTANDO:ans_9efc7850-3c2b-4306-807a-40a02da5731c
5214271325173:SUCCESS
5214271325173:ENCOLADO ans_78c5e757-5580-4efe-b35e-ee8968c05c06
EJECUTANDO:ans_78c5e757-5580-4efe-b35e-ee8968c05c06
5214271325173:SUCCESS
5214271325173:ENCOLADO ans_78c5e757-5580-4efe-b35e-ee8968c05c06
EJECUTANDO:ans_78c5e757-5580-4efe-b35e-ee8968c05c06
5214271325173:SUCCESS
5214271325173:ENCOLADO ans_380fd515-8007-44d4-ae36-178b9ad89abc
EJECUTANDO:ans_380fd515-8007-44d4-ae36-178b9ad89abc
5214271325173:SUCCESS
5214271325173:ENCOLADO ans_78c5e757-5580-4efe-b35e-ee8968c05c06
EJECUTANDO:ans_78c5e757-5580-4efe-b35e-ee8968c05c06
5214271325173:SUCCESS
5214271325173:ENCOLADO ans_098665b8-6673-47fe-aff0-b83ad235bde4
EJECUTANDO:ans_098665b8-6673-47fe-aff0-b83ad235bde4
5214271325173:SUCCESS
5214271325173:ENCOLADO ans_b7eb2bed-31f8-4ec8-b129-04dd2ea661ea
EJECUTANDO:ans_b7eb2bed-31f8-4ec8-b129-04dd2ea661ea
5214271325173:SUCCESS
5214271325173:ENCOLADO ans_78c5e757-5580-4efe-b35e-ee8968c05c06
EJECUTANDO:ans_78c5e757-5580-4efe-b35e-ee8968c05c06
5214271325173:SUCCESS
5214271325173:ENCOLADO ans_d6ee239a-bc33-474b-9a8f-6cdffe85364f
EJECUTANDO:ans_d6ee239a-bc33-474b-9a8f-6cdffe85364f
5214271325173:SUCCESS
5214271325173:ENCOLADO ans_09176b11-33d4-4864-bd84-7b8f61af8585
EJECUTANDO:ans_09176b11-33d4-4864-bd84-7b8f61af8585
5214271325173:SUCCESS
5214271325173:ENCOLADO ans_78c5e757-5580-4efe-b35e-ee8968c05c06
EJECUTANDO:ans_78c5e757-5580-4efe-b35e-ee8968c05c06
5214271325173:SUCCESS
5214271325173:ENCOLADO ans_80a43a8e-202b-4599-a8fa-1420bf6c4740
EJECUTANDO:ans_80a43a8e-202b-4599-a8fa-1420bf6c4740
5214271325173:SUCCESS
5214271325173:ENCOLADO ans_c9e3a148-039d-418d-8a02-fd41a8f64469
EJECUTANDO:ans_c9e3a148-039d-418d-8a02-fd41a8f64469
5214271325173:SUCCESS
5214271325173:ENCOLADO ans_78c5e757-5580-4efe-b35e-ee8968c05c06
EJECUTANDO:ans_78c5e757-5580-4efe-b35e-ee8968c05c06
5214271325173:SUCCESS
5214271325173:ENCOLADO ans_866fe371-7b52-4a01-9817-e661cb179799
EJECUTANDO:ans_866fe371-7b52-4a01-9817-e661cb179799
5214271325173:SUCCESS
5214271325173:ENCOLADO ans_5a425f27-7efb-4971-a09b-a223c9b7d205
EJECUTANDO:ans_5a425f27-7efb-4971-a09b-a223c9b7d205
5214271325173:SUCCESS
5214271325173:ENCOLADO ans_380fd515-8007-44d4-ae36-178b9ad89abc
EJECUTANDO:ans_380fd515-8007-44d4-ae36-178b9ad89abc
5214271325173:SUCCESS
5214271325173:ENCOLADO ans_78c5e757-5580-4efe-b35e-ee8968c05c06
EJECUTANDO:ans_78c5e757-5580-4efe-b35e-ee8968c05c06
5214271325173:SUCCESS
5214271325173:ENCOLADO ans_a21dc299-73ee-4e09-8aa3-039760d6e855
EJECUTANDO:ans_a21dc299-73ee-4e09-8aa3-039760d6e855
5214271325173:SUCCESS
5214271325173:ENCOLADO ans_51043513-5921-43dd-abef-057add97edec
EJECUTANDO:ans_51043513-5921-43dd-abef-057add97edec
5214271325173:SUCCESS
5214271325173:ENCOLADO ans_c122896f-42fd-4709-ae5d-2facfe5753b4
EJECUTANDO:ans_c122896f-42fd-4709-ae5d-2facfe5753b4
5214271325173:SUCCESS
5214271325173:ENCOLADO ans_29bf02dc-bd38-4173-8fd7-f04a4d17dcfa
EJECUTANDO:ans_29bf02dc-bd38-4173-8fd7-f04a4d17dcfa
5214271325173:SUCCESS
5214271325173:ENCOLADO ans_94b285ec-4814-4e4a-9166-6719a1cc171e
EJECUTANDO:ans_94b285ec-4814-4e4a-9166-6719a1cc171e
5214271325173:SUCCESS
5214271325173:ENCOLADO ans_d9f92f36-e4de-4701-974c-76921c2f5437
EJECUTANDO:ans_d9f92f36-e4de-4701-974c-76921c2f5437
5214271325173:SUCCESS
5214271325173:ENCOLADO ans_78c5e757-5580-4efe-b35e-ee8968c05c06
EJECUTANDO:ans_78c5e757-5580-4efe-b35e-ee8968c05c06
5214271325173:SUCCESS
5214271958478:ENCOLADO ans_380fd515-8007-44d4-ae36-178b9ad89abc
EJECUTANDO:ans_380fd515-8007-44d4-ae36-178b9ad89abc
5214271958478:SUCCESS
